[2025-11-27 14:55:17] This is codeql database create ./database --language=python --overwrite
[2025-11-27 14:55:17] Log file was started late.
[2025-11-27 14:55:17] [PROGRESS] database create> Initializing database at C:\Users\piyus\cbom_exp\database.
[2025-11-27 14:55:17] Running plumbing command: codeql database init --overwrite --language=python --extractor-options-verbosity=1 --qlconfig-file=C:\Users\piyus\cbom_exp\qlconfig.yml --source-root=C:\Users\piyus\cbom_exp --allow-missing-source-root=false --allow-already-existing -- C:\Users\piyus\cbom_exp\database
[2025-11-27 14:55:17] Calling plumbing command: codeql resolve languages --extractor-options-verbosity=1 --format=betterjson
[2025-11-27 14:55:17] [DETAILS] resolve languages> Scanning for [codeql-extractor.yml] from D:\Softwares\codeql\.codeqlmanifest.json
[2025-11-27 14:55:17] [DETAILS] resolve languages> Parsing D:\Softwares\codeql\actions\codeql-extractor.yml.
[2025-11-27 14:55:17] [DETAILS] resolve languages> Parsing D:\Softwares\codeql\cpp\codeql-extractor.yml.
[2025-11-27 14:55:17] [DETAILS] resolve languages> Parsing D:\Softwares\codeql\csharp\codeql-extractor.yml.
[2025-11-27 14:55:17] [DETAILS] resolve languages> Parsing D:\Softwares\codeql\csv\codeql-extractor.yml.
[2025-11-27 14:55:17] [DETAILS] resolve languages> Parsing D:\Softwares\codeql\go\codeql-extractor.yml.
[2025-11-27 14:55:17] [DETAILS] resolve languages> Parsing D:\Softwares\codeql\html\codeql-extractor.yml.
[2025-11-27 14:55:17] [DETAILS] resolve languages> Parsing D:\Softwares\codeql\java\codeql-extractor.yml.
[2025-11-27 14:55:17] [DETAILS] resolve languages> Parsing D:\Softwares\codeql\javascript\codeql-extractor.yml.
[2025-11-27 14:55:17] [DETAILS] resolve languages> Parsing D:\Softwares\codeql\properties\codeql-extractor.yml.
[2025-11-27 14:55:17] [DETAILS] resolve languages> Parsing D:\Softwares\codeql\python\codeql-extractor.yml.
[2025-11-27 14:55:17] [DETAILS] resolve languages> Parsing D:\Softwares\codeql\ruby\codeql-extractor.yml.
[2025-11-27 14:55:17] [DETAILS] resolve languages> Parsing D:\Softwares\codeql\rust\codeql-extractor.yml.
[2025-11-27 14:55:17] [DETAILS] resolve languages> Parsing D:\Softwares\codeql\swift\codeql-extractor.yml.
[2025-11-27 14:55:17] [DETAILS] resolve languages> Parsing D:\Softwares\codeql\xml\codeql-extractor.yml.
[2025-11-27 14:55:17] [DETAILS] resolve languages> Parsing D:\Softwares\codeql\yaml\codeql-extractor.yml.
[2025-11-27 14:55:17] Plumbing command codeql resolve languages completed:
                      {
                        "aliases" : {
                          "c" : "cpp",
                          "c++" : "cpp",
                          "c-c++" : "cpp",
                          "c-cpp" : "cpp",
                          "c#" : "csharp",
                          "java-kotlin" : "java",
                          "kotlin" : "java",
                          "javascript-typescript" : "javascript",
                          "typescript" : "javascript"
                        },
                        "extractors" : {
                          "actions" : [
                            {
                              "extractor_root" : "D:\\Softwares\\codeql\\actions",
                              "extractor_options" : { }
                            }
                          ],
                          "cpp" : [
                            {
                              "extractor_root" : "D:\\Softwares\\codeql\\cpp",
                              "extractor_options" : {
                                "scale_timeouts" : {
                                  "title" : "Value to scale compiler introspection timeouts with",
                                  "description" : "The extractor attempts to determine what compiler the source code being extracted is compiled with. To this end the extractor makes additional calls to the compiler, some of which are expected to return within a certain fixed time (either 10s or 15s). On some systems that are under high load this time might be too short, and can be scaled up using this option.\n",
                                  "type" : "string",
                                  "pattern" : "[0-9]+"
                                },
                                "log_verbosity" : {
                                  "title" : "Verbosity of the extractor logging",
                                  "description" : "Set the verbosity of the extractor logging to 'quiet' (0), 'normal' (1), 'chatty' (2), or 'noisy' (3). The default is 'normal'.\n",
                                  "type" : "string",
                                  "pattern" : "[0-3]"
                                }
                              }
                            }
                          ],
                          "csharp" : [
                            {
                              "extractor_root" : "D:\\Softwares\\codeql\\csharp",
                              "extractor_options" : {
                                "trap" : {
                                  "title" : "Options pertaining to TRAP.",
                                  "description" : "Options pertaining to TRAP.",
                                  "type" : "object",
                                  "properties" : {
                                    "compression" : {
                                      "title" : "Controls compression for the TRAP files written by the extractor.",
                                      "description" : "This option is only intended for use in debugging the extractor. Accepted values are 'brotli' (the default, to write brotli-compressed TRAP), 'gzip', and 'none' (to write uncompressed TRAP).\n",
                                      "type" : "string",
                                      "pattern" : "^(none|gzip|brotli)$"
                                    }
                                  }
                                },
                                "buildless" : {
                                  "title" : "DEPRECATED - Whether to use buildless (standalone) extraction.",
                                  "description" : "DEPRECATED: Use `--build-mode none` instead.\nA value indicating, which type of extraction the autobuilder should perform. If 'true', then the standalone extractor will be used, otherwise tracing extraction will be performed. The default is 'false'. Note that buildless extraction will generally yield less accurate analysis results, and should only be used in cases where it is not possible to build the code (for example if it uses inaccessible dependencies).\n",
                                  "type" : "string",
                                  "pattern" : "^(false|true)$"
                                },
                                "logging" : {
                                  "title" : "Options pertaining to logging.",
                                  "description" : "Options pertaining to logging.",
                                  "type" : "object",
                                  "properties" : {
                                    "verbosity" : {
                                      "title" : "Extractor logging verbosity level.",
                                      "description" : "Controls the level of verbosity of the extractor. The supported levels are (in order of increasing verbosity):\n  - off\n  - errors\n  - warnings\n  - info or progress\n  - debug or progress+\n  - trace or progress++\n  - progress+++\n",
                                      "type" : "string",
                                      "pattern" : "^(off|errors|warnings|(info|progress)|(debug|progress\\+)|(trace|progress\\+\\+)|progress\\+\\+\\+)$"
                                    }
                                  }
                                },
                                "binlog" : {
                                  "title" : "Binlog",
                                  "description" : "[EXPERIMENTAL] The value is a path to the MsBuild binary log file that should be extracted. This option only works when `--build-mode none` is also specified.\n",
                                  "type" : "array"
                                }
                              }
                            }
                          ],
                          "csv" : [
                            {
                              "extractor_root" : "D:\\Softwares\\codeql\\csv"
                            }
                          ],
                          "go" : [
                            {
                              "extractor_root" : "D:\\Softwares\\codeql\\go",
                              "extractor_options" : {
                                "extract_tests" : {
                                  "title" : "Whether to include Go test files in the CodeQL database.",
                                  "description" : "A value indicating whether Go test files should be included in the CodeQL database. The default is 'false'.\n",
                                  "type" : "string",
                                  "pattern" : "^(false|true)$"
                                },
                                "extract_vendor_dirs" : {
                                  "title" : "Whether to include Go vendor directories in the CodeQL database.",
                                  "description" : "A value indicating whether Go vendor directories should be included in the CodeQL database. The default is 'false'.\n",
                                  "type" : "string",
                                  "pattern" : "^(false|true)$"
                                }
                              }
                            }
                          ],
                          "html" : [
                            {
                              "extractor_root" : "D:\\Softwares\\codeql\\html"
                            }
                          ],
                          "java" : [
                            {
                              "extractor_root" : "D:\\Softwares\\codeql\\java",
                              "extractor_options" : {
                                "exclude" : {
                                  "title" : "A glob excluding files from analysis.",
                                  "description" : "A glob indicating what files to exclude from the analysis. This accepts glob patterns that are supported by Java's 'getPathMatcher' implementation.\n",
                                  "type" : "string"
                                },
                                "add_prefer_source" : {
                                  "title" : "Whether to always prefer source files over class files.",
                                  "description" : "A value indicating whether source files should be preferred over class files. If set to 'true', the extraction adds '-Xprefer:source' to the javac command line. If set to 'false', the extraction uses the default javac behavior ('-Xprefer:newer'). The default is 'true'.\n",
                                  "type" : "string",
                                  "pattern" : "^(false|true)$"
                                },
                                "buildless" : {
                                  "title" : "Whether to use buildless (standalone) extraction (experimental).",
                                  "description" : "A value indicating, which type of extraction the autobuilder should perform. If 'true', then the standalone extractor will be used, otherwise tracing extraction will be performed. The default is 'false'. Note that buildless extraction will generally yield less accurate analysis results, and should only be used in cases where it is not possible to build the code (for example if it uses inaccessible dependencies).\n",
                                  "type" : "string",
                                  "pattern" : "^(false|true)$"
                                },
                                "buildless_dependency_dir" : {
                                  "title" : "The path where buildless (standalone) extraction should keep dependencies.",
                                  "description" : "If set, the buildless (standalone) extractor will store dependencies in this directory.\n",
                                  "type" : "string"
                                },
                                "minimize_dependency_jars" : {
                                  "title" : "Whether to rewrite and minimize downloaded JAR dependencies (experimental).",
                                  "description" : "If 'true', JAR dependencies downloaded during extraction will be rewritten to remove unneeded data, such as method bodies. The default is 'false'.\n",
                                  "type" : "string",
                                  "pattern" : "^(false|true)$"
                                }
                              }
                            }
                          ],
                          "javascript" : [
                            {
                              "extractor_root" : "D:\\Softwares\\codeql\\javascript",
                              "extractor_options" : {
                                "skip_types" : {
                                  "title" : "Skip type extraction for TypeScript",
                                  "description" : "Whether to skip the extraction of types in a TypeScript application",
                                  "type" : "string",
                                  "pattern" : "^(false|true)$"
                                }
                              }
                            }
                          ],
                          "properties" : [
                            {
                              "extractor_root" : "D:\\Softwares\\codeql\\properties"
                            }
                          ],
                          "python" : [
                            {
                              "extractor_root" : "D:\\Softwares\\codeql\\python",
                              "extractor_options" : {
                                "logging" : {
                                  "title" : "Options pertaining to logging.",
                                  "description" : "Options pertaining to logging.",
                                  "type" : "object",
                                  "properties" : {
                                    "verbosity" : {
                                      "title" : "Python extractor logging verbosity level.",
                                      "description" : "Controls the level of verbosity of the CodeQL Python extractor.\nThe supported levels are (in order of increasing verbosity):\n\n  - off\n  - errors\n  - warnings\n  - info or progress\n  - debug or progress+\n  - trace or progress++\n  - progress+++\n",
                                      "type" : "string",
                                      "pattern" : "^(off|errors|warnings|(info|progress)|(debug|progress\\+)|(trace|progress\\+\\+)|progress\\+\\+\\+)$"
                                    }
                                  }
                                },
                                "python_executable_name" : {
                                  "title" : "Controls the name of the Python executable used by the Python extractor.",
                                  "description" : "The Python extractor uses platform-dependent heuristics to determine the name of the Python executable to use. Specifying a value for this option overrides the name of the Python executable used by the extractor. Accepted values are py, python and python3. Use this setting with caution, the Python extractor requires Python 3 to run.\n",
                                  "type" : "string",
                                  "pattern" : "^(py|python|python3)$"
                                }
                              }
                            }
                          ],
                          "ruby" : [
                            {
                              "extractor_root" : "D:\\Softwares\\codeql\\ruby",
                              "extractor_options" : {
                                "trap" : {
                                  "title" : "Options pertaining to TRAP.",
                                  "description" : "Options pertaining to TRAP.",
                                  "type" : "object",
                                  "properties" : {
                                    "compression" : {
                                      "title" : "Controls compression for the TRAP files written by the extractor.",
                                      "description" : "This option is only intended for use in debugging the extractor. Accepted values are 'gzip' (the default, to write gzip-compressed TRAP) 'zstd' (to write Zstandard-compressed TRAP) and 'none' (to write uncompressed TRAP).\n",
                                      "type" : "string",
                                      "pattern" : "^(none|gzip|zstd)$"
                                    }
                                  }
                                }
                              }
                            }
                          ],
                          "rust" : [
                            {
                              "extractor_root" : "D:\\Softwares\\codeql\\rust",
                              "extractor_options" : {
                                "trap" : {
                                  "title" : "Options pertaining to TRAP.",
                                  "description" : "Options pertaining to TRAP.",
                                  "type" : "object",
                                  "properties" : {
                                    "compression" : {
                                      "title" : "Controls compression for the TRAP files written by the extractor.",
                                      "description" : "This option is only intended for use in debugging the extractor. Accepted values are 'gzip' (to write gzip-compressed TRAP) 'zstd' (to write Zstandard-compressed TRAP) and 'none' (the default, to write uncompressed TRAP).\n",
                                      "type" : "string",
                                      "pattern" : "^(none|gzip|zstd)$"
                                    }
                                  }
                                },
                                "cargo_target_dir" : {
                                  "title" : "Directory to use for cargo output files.",
                                  "description" : "This value is an optional path to use as `CARGO_TARGET_DIR` for the internal cargo commands the extractor uses. Pointing it to a persistent directory may reduce execution time of consecutive extractor runs. By default, a new scratch directory is used for each run.\n",
                                  "type" : "string"
                                },
                                "cargo_target" : {
                                  "title" : "Target architecture",
                                  "description" : "Target architecture to use for analysis, analogous to `cargo --target`. By default the host architecture is used.\n",
                                  "type" : "string"
                                },
                                "cargo_features" : {
                                  "title" : "Cargo features to turn on",
                                  "description" : "Comma-separated list of features to turn on. By default all features are enabled. If any features are specified, then only those features are enabled. The `default` feature must be explicitly specified if only default features are desired. Can be repeated.\n",
                                  "type" : "array"
                                },
                                "cargo_cfg_overrides" : {
                                  "title" : "Cargo cfg overrides",
                                  "description" : "Comma-separated list of cfg settings to enable, or disable if prefixed with `-`. Can be repeated.\n",
                                  "type" : "array"
                                },
                                "logging" : {
                                  "title" : "Options pertaining to logging.",
                                  "description" : "Options pertaining to logging.",
                                  "type" : "object",
                                  "properties" : {
                                    "verbosity" : {
                                      "title" : "Extractor logging verbosity level.",
                                      "description" : "Controls the level of verbosity of the extractor. The supported levels are (in order of increasing verbosity):\n  - off\n  - errors\n  - warnings\n  - info or progress\n  - debug or progress+\n  - trace or progress++\n  - progress+++\n",
                                      "type" : "string",
                                      "pattern" : "^(off|errors|warnings|(info|progress)|(debug|progress\\+)|(trace|progress\\+\\+)|progress\\+\\+\\+)$"
                                    },
                                    "flamegraph" : {
                                      "title" : "[Experimental] File path for write flame graph log",
                                      "description" : "Collect flame graph data using the `tracing-flame` crate. To render a flame graph or chart, run the `inferno-flamegraph` command. See also: https://crates.io/crates/tracing-flame\n",
                                      "type" : "string"
                                    }
                                  }
                                },
                                "skip_path_resolution" : {
                                  "title" : "Skip path resolution",
                                  "description" : "Skip path resolution. This is experimental, while we move path resolution from the extractor to the QL library.\n",
                                  "type" : "string",
                                  "pattern" : "^(false|true)$"
                                },
                                "extract_dependencies_as_source" : {
                                  "title" : "Extract dependencies as source code",
                                  "description" : "Extract the full source code of dependencies instead of only extracting signatures.\n",
                                  "type" : "string",
                                  "pattern" : "^(false|true)$"
                                }
                              }
                            }
                          ],
                          "swift" : [
                            {
                              "extractor_root" : "D:\\Softwares\\codeql\\swift"
                            }
                          ],
                          "xml" : [
                            {
                              "extractor_root" : "D:\\Softwares\\codeql\\xml"
                            }
                          ],
                          "yaml" : [
                            {
                              "extractor_root" : "D:\\Softwares\\codeql\\yaml"
                            }
                          ]
                        }
                      }
[2025-11-27 14:55:17] [PROGRESS] database init> Calculating baseline information in C:\Users\piyus\cbom_exp
[2025-11-27 14:55:17] [SPAMMY] database init> Ignoring the following directories when processing baseline information: .git, .hg, .svn.
[2025-11-27 14:55:17] [DETAILS] database init> Running command in C:\Users\piyus\cbom_exp: D:\Softwares\codeql\tools\win64\scc.exe --by-file --exclude-dir .git,.hg,.svn --format json --no-large --no-min .
[2025-11-27 14:55:18] [SPAMMY] database init> Found 4 baseline files for java.
[2025-11-27 14:55:18] [SPAMMY] database init> Found 2 baseline files for python.
[2025-11-27 14:55:18] [PROGRESS] database init> Calculated baseline information for languages: java, python (200ms).
[2025-11-27 14:55:18] [PROGRESS] database init> Resolving extractor python.
[2025-11-27 14:55:18] [DETAILS] database init> Found candidate extractor root for python: D:\Softwares\codeql\python.
[2025-11-27 14:55:18] [PROGRESS] database init> Successfully loaded extractor Python (python) from D:\Softwares\codeql\python.
[2025-11-27 14:55:18] [PROGRESS] database init> Created skeleton CodeQL database at C:\Users\piyus\cbom_exp\database. This in-progress database is ready to be populated by an extractor.
[2025-11-27 14:55:18] Plumbing command codeql database init completed.
[2025-11-27 14:55:18] [PROGRESS] database create> Running build command: []
[2025-11-27 14:55:18] Running plumbing command: codeql database trace-command --working-dir=C:\Users\piyus\cbom_exp --index-traceless-dbs --no-db-cluster -- C:\Users\piyus\cbom_exp\database
[2025-11-27 14:55:18] Using autobuild script D:\Softwares\codeql\python\tools\autobuild.cmd.
[2025-11-27 14:55:18] [PROGRESS] database trace-command> Running command in C:\Users\piyus\cbom_exp: [D:\Softwares\codeql\python\tools\autobuild.cmd]
[2025-11-27 14:55:19] [build-stdout] Python 3.12.10
[2025-11-27 14:55:19] [build-stderr] Unknown option: -2
[2025-11-27 14:55:19] [build-stderr] usage: C:\Users\piyus\AppData\Local\Microsoft\WindowsApps\PythonSoftwareFoundation.Python.3.12_qbz5n2kfra8p0\python.exe [option] ... [-c cmd | -m mod | file | -] [arg] ...
[2025-11-27 14:55:19] [build-stderr] Try `python -h' for more information.
[2025-11-27 14:55:20] [build-stdout] No directories containing root identifiers were found. Returning working directory as root.
[2025-11-27 14:55:20] [build-stdout] Will try to guess Python version, as it was not specified in `lgtm.yml`
[2025-11-27 14:55:20] [build-stdout] Trying to guess Python version based on Trove classifiers in setup.py
[2025-11-27 14:55:20] [build-stdout] Did not find setup.py (expected it to be at C:\Users\piyus\cbom_exp\setup.py)
[2025-11-27 14:55:20] [build-stdout] Trying to guess Python version based on travis file
[2025-11-27 14:55:20] [build-stdout] Did not find any travis files (expected them at either ['C:\\Users\\piyus\\cbom_exp\\.travis.yml', 'C:\\Users\\piyus\\cbom_exp\\travis.yml'])
[2025-11-27 14:55:20] [build-stdout] Trying to guess Python version based on installed versions
[2025-11-27 14:55:20] [build-stdout] Wanted to run Python 2, but it is not available. Using Python 3 instead
[2025-11-27 14:55:20] [build-stdout] This script is running Python 3, but Python 2 is also available (as 'py -3')
[2025-11-27 14:55:20] [build-stdout] Could not guess Python version, will use default: Python 3
[2025-11-27 14:55:20] [build-stdout] Calling py -3 -S D:\Softwares\codeql\python\tools\python_tracer.py --verbosity 3 -z all -c C:\Users\piyus\cbom_exp\database\working\trap_cache -R C:\Users\piyus\cbom_exp
[2025-11-27 14:55:21] [build-stdout] Python 3.12.10
[2025-11-27 14:55:21] [build-stdout] INFO: The Python extractor has recently stopped extracting the standard library by default. If you encounter problems, please let us know by submitting an issue to https://github.com/github/codeql. It is possible to re-enable extraction of the standard library by setting the environment variable CODEQL_EXTRACTOR_PYTHON_EXTRACT_STDLIB.
[2025-11-27 14:55:21] [build-stdout] [INFO] Extraction will use the Python 3 standard library.
[2025-11-27 14:55:21] [build-stdout] [INFO] sys_path is: ['D:\\Softwares\\codeql\\python\\tools', 'C:\\Program Files\\WindowsApps\\PythonSoftwareFoundation.Python.3.12_3.12.2800.0_x64__qbz5n2kfra8p0\\python312.zip', 'C:\\Program Files\\WindowsApps\\PythonSoftwareFoundation.Python.3.12_3.12.2800.0_x64__qbz5n2kfra8p0\\DLLs', 'C:\\Program Files\\WindowsApps\\PythonSoftwareFoundation.Python.3.12_3.12.2800.0_x64__qbz5n2kfra8p0\\Lib', 'C:\\Program Files\\WindowsApps\\PythonSoftwareFoundation.Python.3.12_3.12.2800.0_x64__qbz5n2kfra8p0']
[2025-11-27 14:55:21] [build-stdout] [INFO] Python version 3.12.10
[2025-11-27 14:55:21] [build-stdout] [INFO] Python extractor version 7.1.3
[2025-11-27 14:55:28] [build-stdout] [INFO] [1] Extracted file C:\Users\piyus\cbom_exp\cbom_visualizer.py in 32ms
[2025-11-27 14:55:28] [build-stdout] [INFO] [3] Skipped built-in file C:\Program Files\WindowsApps\PythonSoftwareFoundation.Python.3.12_3.12.2800.0_x64__qbz5n2kfra8p0\Lib\json\__init__.py
[2025-11-27 14:55:28] [build-stdout] [INFO] [4] Extracted folder C:\Program Files\WindowsApps\PythonSoftwareFoundation.Python.3.12_3.12.2800.0_x64__qbz5n2kfra8p0\Lib\json in 0ms
[2025-11-27 14:55:28] [build-stdout] [INFO] [2] Extracted file C:\Users\piyus\cbom_exp\rsa.py in 16ms
[2025-11-27 14:55:29] [build-stdout] [INFO] Processed 4 modules in 7.08s
[2025-11-27 14:55:29] Plumbing command codeql database trace-command completed.
[2025-11-27 14:55:29] [PROGRESS] database create> Finalizing database at C:\Users\piyus\cbom_exp\database.
[2025-11-27 14:55:29] Running plumbing command: codeql database finalize --no-db-cluster -- C:\Users\piyus\cbom_exp\database
[2025-11-27 14:55:29] Using pre-finalize script D:\Softwares\codeql\python\tools\pre-finalize.cmd.
[2025-11-27 14:55:29] [PROGRESS] database finalize> Running pre-finalize script D:\Softwares\codeql\python\tools\pre-finalize.cmd in C:\Users\piyus\cbom_exp.
[2025-11-27 14:55:29] Running plumbing command: codeql database trace-command --working-dir=C:\Users\piyus\cbom_exp --no-tracing -- C:\Users\piyus\cbom_exp\database D:\Softwares\codeql\python\tools\pre-finalize.cmd
[2025-11-27 14:55:29] [PROGRESS] database trace-command> Running command in C:\Users\piyus\cbom_exp: [D:\Softwares\codeql\python\tools\pre-finalize.cmd]
[2025-11-27 14:55:30] [build-stderr] Scanning for files in C:\Users\piyus\cbom_exp...
[2025-11-27 14:55:30] [build-stderr] C:\Users\piyus\cbom_exp\database: Indexing files in in C:\Users\piyus\cbom_exp...
[2025-11-27 14:55:30] [build-stderr] Running command in C:\Users\piyus\cbom_exp: [D:\Softwares\codeql\yaml\tools\index-files.cmd, C:\Users\piyus\cbom_exp\database\working\files-to-index6741624592078263564.list]
[2025-11-27 14:55:31] Plumbing command codeql database trace-command completed.
[2025-11-27 14:55:31] [PROGRESS] database finalize> Running TRAP import for CodeQL database at C:\Users\piyus\cbom_exp\database...
[2025-11-27 14:55:31] Running plumbing command: codeql dataset import --dbscheme=D:\Softwares\codeql\python\semmlecode.python.dbscheme -- C:\Users\piyus\cbom_exp\database\db-python C:\Users\piyus\cbom_exp\database\trap\python
[2025-11-27 14:55:31] Clearing disk cache since the version file C:\Users\piyus\cbom_exp\database\db-python\default\cache\version does not exist
[2025-11-27 14:55:31] Tuple pool not found. Clearing relations with cached strings
[2025-11-27 14:55:31] Trimming disk cache at C:\Users\piyus\cbom_exp\database\db-python\default\cache in mode clear.
[2025-11-27 14:55:31] Sequence stamp origin is -5976552084723051708
[2025-11-27 14:55:31] Pausing evaluation to hard-clear memory at sequence stamp o+0
[2025-11-27 14:55:31] Unpausing evaluation
[2025-11-27 14:55:31] Pausing evaluation to quickly trim disk at sequence stamp o+1
[2025-11-27 14:55:31] Unpausing evaluation
[2025-11-27 14:55:31] Pausing evaluation to zealously trim disk at sequence stamp o+2
[2025-11-27 14:55:31] Unpausing evaluation
[2025-11-27 14:55:31] Trimming completed (12ms): Purged everything.
[2025-11-27 14:55:31] Scanning for files in C:\Users\piyus\cbom_exp\database\trap\python
[2025-11-27 14:55:31] Found 12 TRAP files (472.94 KiB)
[2025-11-27 14:55:31] [PROGRESS] dataset import> Importing TRAP files
[2025-11-27 14:55:31] Importing $files.OEWWnW5wiz3uMGicDQD0E7alVRs=.trap.gz (1 of 12)
[2025-11-27 14:55:31] Importing $files.tpM_jB3XgeGkcNXQe9Nl6lpHsrw=.trap.gz (2 of 12)
[2025-11-27 14:55:31] Importing $flags.6WO0t191H6B9-6rjnrZtZTnGGLc=.trap.gz (3 of 12)
[2025-11-27 14:55:31] Importing $interpreter3.w99dHobJ2tPV4AvVL5Zh2xIuqVM=.trap.gz (4 of 12)
[2025-11-27 14:55:32] Importing $stdlib_33.02ZIV5gKM3jIzp5OALHQ1VDAwiQ=.trap (5 of 12)
[2025-11-27 14:55:32] Importing codeql-pack.lock.yml.trap.gz (6 of 12)
[2025-11-27 14:55:32] Importing codeql-pack.yml.trap.gz (7 of 12)
[2025-11-27 14:55:32] Importing codeql-database.yml.trap.gz (8 of 12)
[2025-11-27 14:55:32] Importing cbom_visualizer.py.eM7ZqzEzpoxDZBgR2xuAIpveXeM=.trap.gz (9 of 12)
[2025-11-27 14:55:32] Importing json.8Ag8VGP6k97XU28WX-PqG6TikwM=.trap.gz (10 of 12)
[2025-11-27 14:55:32] Importing metadata.trap.gz (11 of 12)
[2025-11-27 14:55:32] Importing rsa.py.V_m5iBGgch1bqHS6WES__Uejz-k=.trap.gz (12 of 12)
[2025-11-27 14:55:32] [PROGRESS] dataset import> Merging relations
[2025-11-27 14:55:32] Merging 1 fragment for 'files'.
[2025-11-27 14:55:32] Merged 38 bytes for 'files'.
[2025-11-27 14:55:32] Merging 1 fragment for 'folders'.
[2025-11-27 14:55:32] Merged 50 bytes for 'folders'.
[2025-11-27 14:55:32] Merging 1 fragment for 'containerparent'.
[2025-11-27 14:55:32] Merged 64 bytes for 'containerparent'.
[2025-11-27 14:55:32] Merging 1 fragment for 'py_flags_versioned'.
[2025-11-27 14:55:32] Merged 180 bytes for 'py_flags_versioned'.
[2025-11-27 14:55:32] Merging 1 fragment for 'py_cobjects'.
[2025-11-27 14:55:32] Merged 4442 bytes (4.34 KiB) for 'py_cobjects'.
[2025-11-27 14:55:32] Merging 1 fragment for 'py_cobjecttypes'.
[2025-11-27 14:55:32] Merged 4573 bytes (4.47 KiB) for 'py_cobjecttypes'.
[2025-11-27 14:55:32] Merging 1 fragment for 'py_cobject_sources'.
[2025-11-27 14:55:32] Merged 6615 bytes (6.46 KiB) for 'py_cobject_sources'.
[2025-11-27 14:55:32] Merging 1 fragment for 'py_cobjectnames'.
[2025-11-27 14:55:32] Merged 5656 bytes (5.52 KiB) for 'py_cobjectnames'.
[2025-11-27 14:55:32] Merging 1 fragment for 'py_cmembers_versioned'.
[2025-11-27 14:55:32] Merged 6391 bytes (6.24 KiB) for 'py_cmembers_versioned'.
[2025-11-27 14:55:32] Merging 1 fragment for 'py_special_objects'.
[2025-11-27 14:55:32] Merged 136 bytes for 'py_special_objects'.
[2025-11-27 14:55:32] Merging 1 fragment for 'py_citems'.
[2025-11-27 14:55:32] Merged 512 bytes for 'py_citems'.
[2025-11-27 14:55:32] Merging 1 fragment for 'ext_rettype'.
[2025-11-27 14:55:32] Merged 4038 bytes (3.94 KiB) for 'ext_rettype'.
[2025-11-27 14:55:32] Merging 1 fragment for 'ext_argtype'.
[2025-11-27 14:55:32] Merged 6820 bytes (6.66 KiB) for 'ext_argtype'.
[2025-11-27 14:55:32] Merging 1 fragment for 'ext_argreturn'.
[2025-11-27 14:55:32] Merged 41 bytes for 'ext_argreturn'.
[2025-11-27 14:55:32] Merging 1 fragment for 'ext_proptype'.
[2025-11-27 14:55:32] Merged 343 bytes for 'ext_proptype'.
[2025-11-27 14:55:32] Merging 1 fragment for 'yaml_scalars'.
[2025-11-27 14:55:32] Merged 286 bytes for 'yaml_scalars'.
[2025-11-27 14:55:32] Merging 1 fragment for 'yaml'.
[2025-11-27 14:55:32] Merged 981 bytes for 'yaml'.
[2025-11-27 14:55:32] Merging 1 fragment for 'locations_default'.
[2025-11-27 14:55:32] Merged 860 bytes for 'locations_default'.
[2025-11-27 14:55:32] Merging 1 fragment for 'yaml_locations'.
[2025-11-27 14:55:32] Merged 315 bytes for 'yaml_locations'.
[2025-11-27 14:55:32] Merging 1 fragment for 'py_Modules'.
[2025-11-27 14:55:32] Merged 20 bytes for 'py_Modules'.
[2025-11-27 14:55:32] Merging 1 fragment for 'py_module_path'.
[2025-11-27 14:55:32] Merged 33 bytes for 'py_module_path'.
[2025-11-27 14:55:32] Merging 1 fragment for 'variable'.
[2025-11-27 14:55:32] Merged 107 bytes for 'variable'.
[2025-11-27 14:55:32] Merging 1 fragment for 'py_extracted_version'.
[2025-11-27 14:55:32] Merged 30 bytes for 'py_extracted_version'.
[2025-11-27 14:55:32] Merging 1 fragment for 'py_stmt_lists'.
[2025-11-27 14:55:32] Merged 98 bytes for 'py_stmt_lists'.
[2025-11-27 14:55:32] Merging 1 fragment for 'py_stmts'.
[2025-11-27 14:55:32] Merged 213 bytes for 'py_stmts'.
[2025-11-27 14:55:32] Merging 1 fragment for 'py_scopes'.
[2025-11-27 14:55:32] Merged 323 bytes for 'py_scopes'.
[2025-11-27 14:55:32] Merging 1 fragment for 'py_alias_lists'.
[2025-11-27 14:55:32] Merged 45 bytes for 'py_alias_lists'.
[2025-11-27 14:55:32] Merging 1 fragment for 'py_aliases'.
[2025-11-27 14:55:32] Merged 62 bytes for 'py_aliases'.
[2025-11-27 14:55:32] Merging 1 fragment for 'py_exprs'.
[2025-11-27 14:55:32] Merged 1092 bytes (1.07 KiB) for 'py_exprs'.
[2025-11-27 14:55:32] Merging 1 fragment for 'py_ints'.
[2025-11-27 14:55:32] Merged 37 bytes for 'py_ints'.
[2025-11-27 14:55:32] Merging 1 fragment for 'py_strs'.
[2025-11-27 14:55:32] Merged 361 bytes for 'py_strs'.
[2025-11-27 14:55:32] Merging 1 fragment for 'py_bools'.
[2025-11-27 14:55:32] Merged 36 bytes for 'py_bools'.
[2025-11-27 14:55:32] Merging 1 fragment for 'py_variables'.
[2025-11-27 14:55:32] Merged 171 bytes for 'py_variables'.
[2025-11-27 14:55:32] Merging 1 fragment for 'py_expr_contexts'.
[2025-11-27 14:55:32] Merged 371 bytes for 'py_expr_contexts'.
[2025-11-27 14:55:32] Merging 1 fragment for 'py_expr_lists'.
[2025-11-27 14:55:32] Merged 165 bytes for 'py_expr_lists'.
[2025-11-27 14:55:32] Merging 1 fragment for 'py_dict_item_lists'.
[2025-11-27 14:55:32] Merged 49 bytes for 'py_dict_item_lists'.
[2025-11-27 14:55:32] Merging 1 fragment for 'py_dict_items'.
[2025-11-27 14:55:32] Merged 102 bytes for 'py_dict_items'.
[2025-11-27 14:55:32] Merging 1 fragment for 'py_cmpop_lists'.
[2025-11-27 14:55:32] Merged 42 bytes for 'py_cmpop_lists'.
[2025-11-27 14:55:32] Merging 1 fragment for 'py_cmpops'.
[2025-11-27 14:55:32] Merged 63 bytes for 'py_cmpops'.
[2025-11-27 14:55:32] Merging 1 fragment for 'py_numbers'.
[2025-11-27 14:55:32] Merged 102 bytes for 'py_numbers'.
[2025-11-27 14:55:32] Merging 1 fragment for 'py_exports'.
[2025-11-27 14:55:32] Merged 39 bytes for 'py_exports'.
[2025-11-27 14:55:32] Merging 1 fragment for 'py_scope_flow'.
[2025-11-27 14:55:32] Merged 137 bytes for 'py_scope_flow'.
[2025-11-27 14:55:32] Merging 1 fragment for 'py_flow_bb_node'.
[2025-11-27 14:55:32] Merged 949 bytes for 'py_flow_bb_node'.
[2025-11-27 14:55:32] Merging 1 fragment for 'py_successors'.
[2025-11-27 14:55:32] Merged 600 bytes for 'py_successors'.
[2025-11-27 14:55:32] Merging 1 fragment for 'py_true_successors'.
[2025-11-27 14:55:32] Merged 41 bytes for 'py_true_successors'.
[2025-11-27 14:55:32] Merging 1 fragment for 'py_false_successors'.
[2025-11-27 14:55:32] Merged 41 bytes for 'py_false_successors'.
[2025-11-27 14:55:32] Merging 1 fragment for 'py_idoms'.
[2025-11-27 14:55:32] Merged 567 bytes for 'py_idoms'.
[2025-11-27 14:55:32] Merging 1 fragment for 'py_ssa_var'.
[2025-11-27 14:55:32] Merged 89 bytes for 'py_ssa_var'.
[2025-11-27 14:55:32] Merging 1 fragment for 'py_ssa_defn'.
[2025-11-27 14:55:32] Merged 84 bytes for 'py_ssa_defn'.
[2025-11-27 14:55:32] Merging 1 fragment for 'py_ssa_use'.
[2025-11-27 14:55:32] Merged 176 bytes for 'py_ssa_use'.
[2025-11-27 14:55:32] Merging 1 fragment for 'py_ssa_phi'.
[2025-11-27 14:55:32] Merged 52 bytes for 'py_ssa_phi'.
[2025-11-27 14:55:32] Merging 1 fragment for 'locations_ast'.
[2025-11-27 14:55:32] Merged 1350 bytes (1.32 KiB) for 'locations_ast'.
[2025-11-27 14:55:32] Merging 1 fragment for 'py_scope_location'.
[2025-11-27 14:55:32] Merged 35 bytes for 'py_scope_location'.
[2025-11-27 14:55:32] Merging 1 fragment for 'py_comments'.
[2025-11-27 14:55:32] Merged 61 bytes for 'py_comments'.
[2025-11-27 14:55:32] Merging 1 fragment for 'py_codelines'.
[2025-11-27 14:55:32] Merged 29 bytes for 'py_codelines'.
[2025-11-27 14:55:32] Merging 1 fragment for 'py_commentlines'.
[2025-11-27 14:55:32] Merged 29 bytes for 'py_commentlines'.
[2025-11-27 14:55:32] Merging 1 fragment for 'py_docstringlines'.
[2025-11-27 14:55:32] Merged 29 bytes for 'py_docstringlines'.
[2025-11-27 14:55:32] Merging 1 fragment for 'py_alllines'.
[2025-11-27 14:55:32] Merged 29 bytes for 'py_alllines'.
[2025-11-27 14:55:32] Merging 1 fragment for 'numlines'.
[2025-11-27 14:55:32] Merged 49 bytes for 'numlines'.
[2025-11-27 14:55:32] Merging 1 fragment for 'py_locations'.
[2025-11-27 14:55:33] Merged 635 bytes for 'py_locations'.
[2025-11-27 14:55:33] Merging 1 fragment for 'sourceLocationPrefix'.
[2025-11-27 14:55:33] Merged 17 bytes for 'sourceLocationPrefix'.
[2025-11-27 14:55:33] Saving string and id pools to disk.
[2025-11-27 14:55:33] Finished importing TRAP files.
[2025-11-27 14:55:33] Read 1.03 MiB of uncompressed TRAP data.
[2025-11-27 14:55:33] Uncompressed relation data size: 216.17 KiB
[2025-11-27 14:55:33] Relation data size: 49.71 KiB (merge rate: 69.59 KiB/s)
[2025-11-27 14:55:33] String pool size: 2.08 MiB
[2025-11-27 14:55:33] ID pool size: 1.09 MiB
[2025-11-27 14:55:33] [PROGRESS] dataset import> Finished writing database (relations: 49.71 KiB; string pool: 2.08 MiB).
[2025-11-27 14:55:33] Pausing evaluation to close the cache at sequence stamp o+125
[2025-11-27 14:55:33] The disk cache is freshly trimmed; leave it be.
[2025-11-27 14:55:33] Unpausing evaluation
[2025-11-27 14:55:33] Plumbing command codeql dataset import completed.
[2025-11-27 14:55:33] [PROGRESS] database finalize> TRAP import complete (2.3s).
[2025-11-27 14:55:33] Running plumbing command: codeql database cleanup -- C:\Users\piyus\cbom_exp\database
[2025-11-27 14:55:33] [PROGRESS] database cleanup> Cleaning up existing TRAP files after import...
[2025-11-27 14:55:33] [PROGRESS] database cleanup> TRAP files cleaned up (4ms).
[2025-11-27 14:55:33] [PROGRESS] database cleanup> Cleaning up scratch directory...
[2025-11-27 14:55:33] [PROGRESS] database cleanup> Scratch directory cleaned up (2ms).
[2025-11-27 14:55:33] Running plumbing command: codeql dataset cleanup -- C:\Users\piyus\cbom_exp\database\db-python
[2025-11-27 14:55:33] [PROGRESS] dataset cleanup> Cleaning up dataset in C:\Users\piyus\cbom_exp\database\db-python.
[2025-11-27 14:55:33] Trimming disk cache at C:\Users\piyus\cbom_exp\database\db-python\default\cache in mode trim.
[2025-11-27 14:55:33] Sequence stamp origin is -5976552075279700672
[2025-11-27 14:55:33] Pausing evaluation to quickly trim memory at sequence stamp o+0
[2025-11-27 14:55:33] Unpausing evaluation
[2025-11-27 14:55:33] Pausing evaluation to zealously trim disk at sequence stamp o+1
[2025-11-27 14:55:33] Unpausing evaluation
[2025-11-27 14:55:33] Trimming completed (0ms): Trimmed disposable data from cache.
[2025-11-27 14:55:33] Pausing evaluation to close the cache at sequence stamp o+2
[2025-11-27 14:55:33] The disk cache is freshly trimmed; leave it be.
[2025-11-27 14:55:33] Unpausing evaluation
[2025-11-27 14:55:33] [PROGRESS] dataset cleanup> Trimmed disposable data from cache.
[2025-11-27 14:55:33] [PROGRESS] dataset cleanup> Finalizing dataset in C:\Users\piyus\cbom_exp\database\db-python
[2025-11-27 14:55:33] [DETAILS] dataset cleanup> Finished deleting ID pool from C:\Users\piyus\cbom_exp\database\db-python (0ms).
[2025-11-27 14:55:33] Plumbing command codeql dataset cleanup completed.
[2025-11-27 14:55:33] Plumbing command codeql database cleanup completed with status 0.
[2025-11-27 14:55:33] [PROGRESS] database finalize> Finished zipping source archive (2.51 KiB).
[2025-11-27 14:55:33] Plumbing command codeql database finalize completed.
[2025-11-27 14:55:33] [PROGRESS] database create> Successfully created database at C:\Users\piyus\cbom_exp\database.
[2025-11-27 14:55:33] Terminating normally.
