[2025-11-27 13:29:15] This is codeql database create ./database --language=python --overwrite
[2025-11-27 13:29:15] Log file was started late.
[2025-11-27 13:29:15] [PROGRESS] database create> Initializing database at C:\Users\piyus\cbom_exp\database.
[2025-11-27 13:29:15] Running plumbing command: codeql database init --overwrite --language=python --extractor-options-verbosity=1 --qlconfig-file=C:\Users\piyus\cbom_exp\qlconfig.yml --source-root=C:\Users\piyus\cbom_exp --allow-missing-source-root=false --allow-already-existing -- C:\Users\piyus\cbom_exp\database
[2025-11-27 13:29:15] Calling plumbing command: codeql resolve languages --extractor-options-verbosity=1 --format=betterjson
[2025-11-27 13:29:15] [DETAILS] resolve languages> Scanning for [codeql-extractor.yml] from D:\Softwares\codeql\.codeqlmanifest.json
[2025-11-27 13:29:15] [DETAILS] resolve languages> Parsing D:\Softwares\codeql\actions\codeql-extractor.yml.
[2025-11-27 13:29:15] [DETAILS] resolve languages> Parsing D:\Softwares\codeql\cpp\codeql-extractor.yml.
[2025-11-27 13:29:15] [DETAILS] resolve languages> Parsing D:\Softwares\codeql\csharp\codeql-extractor.yml.
[2025-11-27 13:29:15] [DETAILS] resolve languages> Parsing D:\Softwares\codeql\csv\codeql-extractor.yml.
[2025-11-27 13:29:15] [DETAILS] resolve languages> Parsing D:\Softwares\codeql\go\codeql-extractor.yml.
[2025-11-27 13:29:15] [DETAILS] resolve languages> Parsing D:\Softwares\codeql\html\codeql-extractor.yml.
[2025-11-27 13:29:15] [DETAILS] resolve languages> Parsing D:\Softwares\codeql\java\codeql-extractor.yml.
[2025-11-27 13:29:15] [DETAILS] resolve languages> Parsing D:\Softwares\codeql\javascript\codeql-extractor.yml.
[2025-11-27 13:29:15] [DETAILS] resolve languages> Parsing D:\Softwares\codeql\properties\codeql-extractor.yml.
[2025-11-27 13:29:15] [DETAILS] resolve languages> Parsing D:\Softwares\codeql\python\codeql-extractor.yml.
[2025-11-27 13:29:15] [DETAILS] resolve languages> Parsing D:\Softwares\codeql\ruby\codeql-extractor.yml.
[2025-11-27 13:29:15] [DETAILS] resolve languages> Parsing D:\Softwares\codeql\rust\codeql-extractor.yml.
[2025-11-27 13:29:15] [DETAILS] resolve languages> Parsing D:\Softwares\codeql\swift\codeql-extractor.yml.
[2025-11-27 13:29:15] [DETAILS] resolve languages> Parsing D:\Softwares\codeql\xml\codeql-extractor.yml.
[2025-11-27 13:29:15] [DETAILS] resolve languages> Parsing D:\Softwares\codeql\yaml\codeql-extractor.yml.
[2025-11-27 13:29:15] Plumbing command codeql resolve languages completed:
                      {
                        "aliases" : {
                          "c" : "cpp",
                          "c++" : "cpp",
                          "c-c++" : "cpp",
                          "c-cpp" : "cpp",
                          "c#" : "csharp",
                          "java-kotlin" : "java",
                          "kotlin" : "java",
                          "javascript-typescript" : "javascript",
                          "typescript" : "javascript"
                        },
                        "extractors" : {
                          "actions" : [
                            {
                              "extractor_root" : "D:\\Softwares\\codeql\\actions",
                              "extractor_options" : { }
                            }
                          ],
                          "cpp" : [
                            {
                              "extractor_root" : "D:\\Softwares\\codeql\\cpp",
                              "extractor_options" : {
                                "scale_timeouts" : {
                                  "title" : "Value to scale compiler introspection timeouts with",
                                  "description" : "The extractor attempts to determine what compiler the source code being extracted is compiled with. To this end the extractor makes additional calls to the compiler, some of which are expected to return within a certain fixed time (either 10s or 15s). On some systems that are under high load this time might be too short, and can be scaled up using this option.\n",
                                  "type" : "string",
                                  "pattern" : "[0-9]+"
                                },
                                "log_verbosity" : {
                                  "title" : "Verbosity of the extractor logging",
                                  "description" : "Set the verbosity of the extractor logging to 'quiet' (0), 'normal' (1), 'chatty' (2), or 'noisy' (3). The default is 'normal'.\n",
                                  "type" : "string",
                                  "pattern" : "[0-3]"
                                }
                              }
                            }
                          ],
                          "csharp" : [
                            {
                              "extractor_root" : "D:\\Softwares\\codeql\\csharp",
                              "extractor_options" : {
                                "trap" : {
                                  "title" : "Options pertaining to TRAP.",
                                  "description" : "Options pertaining to TRAP.",
                                  "type" : "object",
                                  "properties" : {
                                    "compression" : {
                                      "title" : "Controls compression for the TRAP files written by the extractor.",
                                      "description" : "This option is only intended for use in debugging the extractor. Accepted values are 'brotli' (the default, to write brotli-compressed TRAP), 'gzip', and 'none' (to write uncompressed TRAP).\n",
                                      "type" : "string",
                                      "pattern" : "^(none|gzip|brotli)$"
                                    }
                                  }
                                },
                                "buildless" : {
                                  "title" : "DEPRECATED - Whether to use buildless (standalone) extraction.",
                                  "description" : "DEPRECATED: Use `--build-mode none` instead.\nA value indicating, which type of extraction the autobuilder should perform. If 'true', then the standalone extractor will be used, otherwise tracing extraction will be performed. The default is 'false'. Note that buildless extraction will generally yield less accurate analysis results, and should only be used in cases where it is not possible to build the code (for example if it uses inaccessible dependencies).\n",
                                  "type" : "string",
                                  "pattern" : "^(false|true)$"
                                },
                                "logging" : {
                                  "title" : "Options pertaining to logging.",
                                  "description" : "Options pertaining to logging.",
                                  "type" : "object",
                                  "properties" : {
                                    "verbosity" : {
                                      "title" : "Extractor logging verbosity level.",
                                      "description" : "Controls the level of verbosity of the extractor. The supported levels are (in order of increasing verbosity):\n  - off\n  - errors\n  - warnings\n  - info or progress\n  - debug or progress+\n  - trace or progress++\n  - progress+++\n",
                                      "type" : "string",
                                      "pattern" : "^(off|errors|warnings|(info|progress)|(debug|progress\\+)|(trace|progress\\+\\+)|progress\\+\\+\\+)$"
                                    }
                                  }
                                },
                                "binlog" : {
                                  "title" : "Binlog",
                                  "description" : "[EXPERIMENTAL] The value is a path to the MsBuild binary log file that should be extracted. This option only works when `--build-mode none` is also specified.\n",
                                  "type" : "array"
                                }
                              }
                            }
                          ],
                          "csv" : [
                            {
                              "extractor_root" : "D:\\Softwares\\codeql\\csv"
                            }
                          ],
                          "go" : [
                            {
                              "extractor_root" : "D:\\Softwares\\codeql\\go",
                              "extractor_options" : {
                                "extract_tests" : {
                                  "title" : "Whether to include Go test files in the CodeQL database.",
                                  "description" : "A value indicating whether Go test files should be included in the CodeQL database. The default is 'false'.\n",
                                  "type" : "string",
                                  "pattern" : "^(false|true)$"
                                },
                                "extract_vendor_dirs" : {
                                  "title" : "Whether to include Go vendor directories in the CodeQL database.",
                                  "description" : "A value indicating whether Go vendor directories should be included in the CodeQL database. The default is 'false'.\n",
                                  "type" : "string",
                                  "pattern" : "^(false|true)$"
                                }
                              }
                            }
                          ],
                          "html" : [
                            {
                              "extractor_root" : "D:\\Softwares\\codeql\\html"
                            }
                          ],
                          "java" : [
                            {
                              "extractor_root" : "D:\\Softwares\\codeql\\java",
                              "extractor_options" : {
                                "exclude" : {
                                  "title" : "A glob excluding files from analysis.",
                                  "description" : "A glob indicating what files to exclude from the analysis. This accepts glob patterns that are supported by Java's 'getPathMatcher' implementation.\n",
                                  "type" : "string"
                                },
                                "add_prefer_source" : {
                                  "title" : "Whether to always prefer source files over class files.",
                                  "description" : "A value indicating whether source files should be preferred over class files. If set to 'true', the extraction adds '-Xprefer:source' to the javac command line. If set to 'false', the extraction uses the default javac behavior ('-Xprefer:newer'). The default is 'true'.\n",
                                  "type" : "string",
                                  "pattern" : "^(false|true)$"
                                },
                                "buildless" : {
                                  "title" : "Whether to use buildless (standalone) extraction (experimental).",
                                  "description" : "A value indicating, which type of extraction the autobuilder should perform. If 'true', then the standalone extractor will be used, otherwise tracing extraction will be performed. The default is 'false'. Note that buildless extraction will generally yield less accurate analysis results, and should only be used in cases where it is not possible to build the code (for example if it uses inaccessible dependencies).\n",
                                  "type" : "string",
                                  "pattern" : "^(false|true)$"
                                },
                                "buildless_dependency_dir" : {
                                  "title" : "The path where buildless (standalone) extraction should keep dependencies.",
                                  "description" : "If set, the buildless (standalone) extractor will store dependencies in this directory.\n",
                                  "type" : "string"
                                },
                                "minimize_dependency_jars" : {
                                  "title" : "Whether to rewrite and minimize downloaded JAR dependencies (experimental).",
                                  "description" : "If 'true', JAR dependencies downloaded during extraction will be rewritten to remove unneeded data, such as method bodies. The default is 'false'.\n",
                                  "type" : "string",
                                  "pattern" : "^(false|true)$"
                                }
                              }
                            }
                          ],
                          "javascript" : [
                            {
                              "extractor_root" : "D:\\Softwares\\codeql\\javascript",
                              "extractor_options" : {
                                "skip_types" : {
                                  "title" : "Skip type extraction for TypeScript",
                                  "description" : "Whether to skip the extraction of types in a TypeScript application",
                                  "type" : "string",
                                  "pattern" : "^(false|true)$"
                                }
                              }
                            }
                          ],
                          "properties" : [
                            {
                              "extractor_root" : "D:\\Softwares\\codeql\\properties"
                            }
                          ],
                          "python" : [
                            {
                              "extractor_root" : "D:\\Softwares\\codeql\\python",
                              "extractor_options" : {
                                "logging" : {
                                  "title" : "Options pertaining to logging.",
                                  "description" : "Options pertaining to logging.",
                                  "type" : "object",
                                  "properties" : {
                                    "verbosity" : {
                                      "title" : "Python extractor logging verbosity level.",
                                      "description" : "Controls the level of verbosity of the CodeQL Python extractor.\nThe supported levels are (in order of increasing verbosity):\n\n  - off\n  - errors\n  - warnings\n  - info or progress\n  - debug or progress+\n  - trace or progress++\n  - progress+++\n",
                                      "type" : "string",
                                      "pattern" : "^(off|errors|warnings|(info|progress)|(debug|progress\\+)|(trace|progress\\+\\+)|progress\\+\\+\\+)$"
                                    }
                                  }
                                },
                                "python_executable_name" : {
                                  "title" : "Controls the name of the Python executable used by the Python extractor.",
                                  "description" : "The Python extractor uses platform-dependent heuristics to determine the name of the Python executable to use. Specifying a value for this option overrides the name of the Python executable used by the extractor. Accepted values are py, python and python3. Use this setting with caution, the Python extractor requires Python 3 to run.\n",
                                  "type" : "string",
                                  "pattern" : "^(py|python|python3)$"
                                }
                              }
                            }
                          ],
                          "ruby" : [
                            {
                              "extractor_root" : "D:\\Softwares\\codeql\\ruby",
                              "extractor_options" : {
                                "trap" : {
                                  "title" : "Options pertaining to TRAP.",
                                  "description" : "Options pertaining to TRAP.",
                                  "type" : "object",
                                  "properties" : {
                                    "compression" : {
                                      "title" : "Controls compression for the TRAP files written by the extractor.",
                                      "description" : "This option is only intended for use in debugging the extractor. Accepted values are 'gzip' (the default, to write gzip-compressed TRAP) 'zstd' (to write Zstandard-compressed TRAP) and 'none' (to write uncompressed TRAP).\n",
                                      "type" : "string",
                                      "pattern" : "^(none|gzip|zstd)$"
                                    }
                                  }
                                }
                              }
                            }
                          ],
                          "rust" : [
                            {
                              "extractor_root" : "D:\\Softwares\\codeql\\rust",
                              "extractor_options" : {
                                "trap" : {
                                  "title" : "Options pertaining to TRAP.",
                                  "description" : "Options pertaining to TRAP.",
                                  "type" : "object",
                                  "properties" : {
                                    "compression" : {
                                      "title" : "Controls compression for the TRAP files written by the extractor.",
                                      "description" : "This option is only intended for use in debugging the extractor. Accepted values are 'gzip' (to write gzip-compressed TRAP) 'zstd' (to write Zstandard-compressed TRAP) and 'none' (the default, to write uncompressed TRAP).\n",
                                      "type" : "string",
                                      "pattern" : "^(none|gzip|zstd)$"
                                    }
                                  }
                                },
                                "cargo_target_dir" : {
                                  "title" : "Directory to use for cargo output files.",
                                  "description" : "This value is an optional path to use as `CARGO_TARGET_DIR` for the internal cargo commands the extractor uses. Pointing it to a persistent directory may reduce execution time of consecutive extractor runs. By default, a new scratch directory is used for each run.\n",
                                  "type" : "string"
                                },
                                "cargo_target" : {
                                  "title" : "Target architecture",
                                  "description" : "Target architecture to use for analysis, analogous to `cargo --target`. By default the host architecture is used.\n",
                                  "type" : "string"
                                },
                                "cargo_features" : {
                                  "title" : "Cargo features to turn on",
                                  "description" : "Comma-separated list of features to turn on. By default all features are enabled. If any features are specified, then only those features are enabled. The `default` feature must be explicitly specified if only default features are desired. Can be repeated.\n",
                                  "type" : "array"
                                },
                                "cargo_cfg_overrides" : {
                                  "title" : "Cargo cfg overrides",
                                  "description" : "Comma-separated list of cfg settings to enable, or disable if prefixed with `-`. Can be repeated.\n",
                                  "type" : "array"
                                },
                                "logging" : {
                                  "title" : "Options pertaining to logging.",
                                  "description" : "Options pertaining to logging.",
                                  "type" : "object",
                                  "properties" : {
                                    "verbosity" : {
                                      "title" : "Extractor logging verbosity level.",
                                      "description" : "Controls the level of verbosity of the extractor. The supported levels are (in order of increasing verbosity):\n  - off\n  - errors\n  - warnings\n  - info or progress\n  - debug or progress+\n  - trace or progress++\n  - progress+++\n",
                                      "type" : "string",
                                      "pattern" : "^(off|errors|warnings|(info|progress)|(debug|progress\\+)|(trace|progress\\+\\+)|progress\\+\\+\\+)$"
                                    },
                                    "flamegraph" : {
                                      "title" : "[Experimental] File path for write flame graph log",
                                      "description" : "Collect flame graph data using the `tracing-flame` crate. To render a flame graph or chart, run the `inferno-flamegraph` command. See also: https://crates.io/crates/tracing-flame\n",
                                      "type" : "string"
                                    }
                                  }
                                },
                                "skip_path_resolution" : {
                                  "title" : "Skip path resolution",
                                  "description" : "Skip path resolution. This is experimental, while we move path resolution from the extractor to the QL library.\n",
                                  "type" : "string",
                                  "pattern" : "^(false|true)$"
                                },
                                "extract_dependencies_as_source" : {
                                  "title" : "Extract dependencies as source code",
                                  "description" : "Extract the full source code of dependencies instead of only extracting signatures.\n",
                                  "type" : "string",
                                  "pattern" : "^(false|true)$"
                                }
                              }
                            }
                          ],
                          "swift" : [
                            {
                              "extractor_root" : "D:\\Softwares\\codeql\\swift"
                            }
                          ],
                          "xml" : [
                            {
                              "extractor_root" : "D:\\Softwares\\codeql\\xml"
                            }
                          ],
                          "yaml" : [
                            {
                              "extractor_root" : "D:\\Softwares\\codeql\\yaml"
                            }
                          ]
                        }
                      }
[2025-11-27 13:29:15] [PROGRESS] database init> Calculating baseline information in C:\Users\piyus\cbom_exp
[2025-11-27 13:29:15] [SPAMMY] database init> Ignoring the following directories when processing baseline information: .git, .hg, .svn.
[2025-11-27 13:29:15] [DETAILS] database init> Running command in C:\Users\piyus\cbom_exp: D:\Softwares\codeql\tools\win64\scc.exe --by-file --exclude-dir .git,.hg,.svn --format json --no-large --no-min .
[2025-11-27 13:29:15] [SPAMMY] database init> Found 4 baseline files for java.
[2025-11-27 13:29:15] [SPAMMY] database init> Found 2 baseline files for python.
[2025-11-27 13:29:15] [PROGRESS] database init> Calculated baseline information for languages: java, python (94ms).
[2025-11-27 13:29:16] [PROGRESS] database init> Resolving extractor python.
[2025-11-27 13:29:16] [DETAILS] database init> Found candidate extractor root for python: D:\Softwares\codeql\python.
[2025-11-27 13:29:16] [PROGRESS] database init> Successfully loaded extractor Python (python) from D:\Softwares\codeql\python.
[2025-11-27 13:29:16] [PROGRESS] database init> Created skeleton CodeQL database at C:\Users\piyus\cbom_exp\database. This in-progress database is ready to be populated by an extractor.
[2025-11-27 13:29:16] Plumbing command codeql database init completed.
[2025-11-27 13:29:16] [PROGRESS] database create> Running build command: []
[2025-11-27 13:29:16] Running plumbing command: codeql database trace-command --working-dir=C:\Users\piyus\cbom_exp --index-traceless-dbs --no-db-cluster -- C:\Users\piyus\cbom_exp\database
[2025-11-27 13:29:16] Using autobuild script D:\Softwares\codeql\python\tools\autobuild.cmd.
[2025-11-27 13:29:16] [PROGRESS] database trace-command> Running command in C:\Users\piyus\cbom_exp: [D:\Softwares\codeql\python\tools\autobuild.cmd]
[2025-11-27 13:29:17] [build-stdout] Python 3.14.0
[2025-11-27 13:29:17] [build-stderr] No suitable Python runtime found
[2025-11-27 13:29:17] [build-stderr] Pass --list (-0) to see all detected environments on your machine
[2025-11-27 13:29:17] [build-stderr] or set environment variable PYLAUNCHER_ALLOW_INSTALL to use winget
[2025-11-27 13:29:17] [build-stderr] or open the Microsoft Store to the requested version.
[2025-11-27 13:29:18] [build-stdout] No directories containing root identifiers were found. Returning working directory as root.
[2025-11-27 13:29:18] [build-stdout] Will try to guess Python version, as it was not specified in `lgtm.yml`
[2025-11-27 13:29:18] [build-stdout] Trying to guess Python version based on Trove classifiers in setup.py
[2025-11-27 13:29:18] [build-stdout] Did not find setup.py (expected it to be at C:\Users\piyus\cbom_exp\setup.py)
[2025-11-27 13:29:18] [build-stdout] Trying to guess Python version based on travis file
[2025-11-27 13:29:18] [build-stdout] Did not find any travis files (expected them at either ['C:\\Users\\piyus\\cbom_exp\\.travis.yml', 'C:\\Users\\piyus\\cbom_exp\\travis.yml'])
[2025-11-27 13:29:18] [build-stdout] Trying to guess Python version based on installed versions
[2025-11-27 13:29:18] [build-stdout] Wanted to run Python 2, but it is not available. Using Python 3 instead
[2025-11-27 13:29:18] [build-stdout] This script is running Python 3, but Python 2 is also available (as 'py -3')
[2025-11-27 13:29:18] [build-stdout] Could not guess Python version, will use default: Python 3
[2025-11-27 13:29:18] [build-stdout] Calling py -3 -S D:\Softwares\codeql\python\tools\python_tracer.py --verbosity 3 -z all -c C:\Users\piyus\cbom_exp\database\working\trap_cache -R C:\Users\piyus\cbom_exp
[2025-11-27 13:29:18] [build-stderr] Unable to load tracer library at D:\Softwares\codeql\python\tools\python3src.zip:
[2025-11-27 13:29:18] [build-stderr] Traceback (most recent call last):
[2025-11-27 13:29:18] [build-stderr]   File "D:\Softwares\codeql\python\tools\python_tracer.py", line 33, in load_library
[2025-11-27 13:29:18] [build-stdout] FATAL ERROR: 
[2025-11-27 13:29:18] [build-stderr]     import semmle.populator
[2025-11-27 13:29:18] [build-stdout] cannot import name '_ERR_MSG' from 'importlib._bootstrap' (C:\Users\piyus\AppData\Local\Programs\Python\Python314\Lib\importlib\_bootstrap.py)
[2025-11-27 13:29:18] [build-stderr]   File "D:\Softwares\codeql\python\tools\python3src.zip\semmle\populator.py", line 7, in <module>
[2025-11-27 13:29:18] [build-stderr]     from semmle import traverser
[2025-11-27 13:29:18] [build-stderr]   File "D:\Softwares\codeql\python\tools\python3src.zip\semmle\traverser.py", line 10, in <module>
[2025-11-27 13:29:18] [build-stderr]     from semmle.python import finder, modules
[2025-11-27 13:29:18] [build-stderr]   File "D:\Softwares\codeql\python\tools\python3src.zip\semmle\python\finder.py", line 8, in <module>
[2025-11-27 13:29:18] [build-stderr]     import imp
[2025-11-27 13:29:18] [build-stderr]   File "D:\Softwares\codeql\python\tools\python3src.zip\imp.py", line 20, in <module>
[2025-11-27 13:29:18] [build-stderr]     from importlib._bootstrap import _ERR_MSG, _exec, _load, _builtin_from_name
[2025-11-27 13:29:18] [build-stderr] ImportError: cannot import name '_ERR_MSG' from 'importlib._bootstrap' (C:\Users\piyus\AppData\Local\Programs\Python\Python314\Lib\importlib\_bootstrap.py)
[2025-11-27 13:29:18] [build-stderr] Traceback (most recent call last):
[2025-11-27 13:29:18] [build-stderr]   File "D:\Softwares\codeql\python\tools\index.py", line 28, in <module>
[2025-11-27 13:29:18] [build-stderr]     buildtools.index.main()
[2025-11-27 13:29:18] [build-stderr]   File "D:\Softwares\codeql\python\tools\python3src.zip\buildtools\index.py", line 409, in main
[2025-11-27 13:29:18] [build-stderr]   File "C:\Program Files\WindowsApps\PythonSoftwareFoundation.Python.3.12_3.12.2800.0_x64__qbz5n2kfra8p0\Lib\subprocess.py", line 413, in check_call
[2025-11-27 13:29:18] [build-stderr]     raise CalledProcessError(retcode, cmd)
[2025-11-27 13:29:18] [build-stderr] subprocess.CalledProcessError: Command '['py', '-3', '-S', 'D:\\Softwares\\codeql\\python\\tools\\python_tracer.py', '--verbosity', '3', '-z', 'all', '-c', 'C:\\Users\\piyus\\cbom_exp\\database\\working\\trap_cache', '-R', 'C:\\Users\\piyus\\cbom_exp']' returned non-zero exit status 2.
[2025-11-27 13:29:18] [ERROR] Spawned process exited abnormally (code 1; tried to run: [D:\Softwares\codeql\tools\win64\runner.exe, cmd.exe, /C, type, NUL, &&, D:\Softwares\codeql\python\tools\autobuild.cmd])
[2025-11-27 13:29:18] Exception caught at top level: Exit status 1 from command: [D:\Softwares\codeql\tools\win64\runner.exe, cmd.exe, /C, type, NUL, &&, D:\Softwares\codeql\python\tools\autobuild.cmd]
                      com.semmle.cli2.Commandline.executeAndCheckResult(Commandline.java:170)
                      com.semmle.cli2.Commandline.runWithoutReturn(Commandline.java:123)
                      com.semmle.cli2.database.DatabaseProcessCommandCommon.executeSubcommand(DatabaseProcessCommandCommon.java:227)
                      com.semmle.cli2.database.TraceCommandCommand.executeSubcommand(TraceCommandCommand.java:126)
                      com.semmle.cli2.picocli.SubcommandCommon.lambda$executeSubcommandWithMessages$5(SubcommandCommon.java:892)
                      com.semmle.cli2.picocli.SubcommandCommon.withCompilationMessages(SubcommandCommon.java:444)
                      com.semmle.cli2.picocli.SubcommandCommon.executeSubcommandWithMessages(SubcommandCommon.java:890)
                      com.semmle.cli2.picocli.PlumbingRunner.run(PlumbingRunner.java:119)
                      com.semmle.cli2.picocli.SubcommandCommon.runPlumbingInProcess(SubcommandCommon.java:201)
                      com.semmle.cli2.database.CreateCommand.executeSubcommand(CreateCommand.java:185)
                      com.semmle.cli2.picocli.SubcommandCommon.lambda$executeSubcommandWithMessages$5(SubcommandCommon.java:892)
                      com.semmle.cli2.picocli.SubcommandCommon.withCompilationMessages(SubcommandCommon.java:444)
                      com.semmle.cli2.picocli.SubcommandCommon.executeSubcommandWithMessages(SubcommandCommon.java:890)
                      com.semmle.cli2.picocli.SubcommandCommon.toplevelMain(SubcommandCommon.java:777)
                      com.semmle.cli2.picocli.SubcommandCommon.call(SubcommandCommon.java:757)
                      com.semmle.cli2.picocli.SubcommandMaker.runMain(SubcommandMaker.java:238)
                      com.semmle.cli2.picocli.SubcommandMaker.runMain(SubcommandMaker.java:259)
                      com.semmle.cli2.CodeQL.main(CodeQL.java:113)
