[2025-11-27 14:55:30] This is codeql database index-files --include-extension=.yaml --include-extension=.yml --size-limit=5m --language yaml -- C:\Users\piyus\cbom_exp\database
[2025-11-27 14:55:30] Log file was started late.
[2025-11-27 14:55:30] Using index-files script D:\Softwares\codeql\yaml\tools\index-files.cmd.
[2025-11-27 14:55:30] [PROGRESS] database index-files> Scanning for files in C:\Users\piyus\cbom_exp...
[2025-11-27 14:55:30] Calling plumbing command: codeql resolve files --include-extension=.yaml --include-extension=.yml --size-limit=5m C:\Users\piyus\cbom_exp --format=json
[2025-11-27 14:55:30] [PROGRESS] resolve files> Scanning C:\Users\piyus\cbom_exp...
[2025-11-27 14:55:30] [PROGRESS] resolve files> Scanning C:\Users\piyus\cbom_exp\.git...
[2025-11-27 14:55:30] [PROGRESS] resolve files> Scanning C:\Users\piyus\cbom_exp\.git\hooks...
[2025-11-27 14:55:30] [PROGRESS] resolve files> Scanning C:\Users\piyus\cbom_exp\.git\info...
[2025-11-27 14:55:30] [PROGRESS] resolve files> Scanning C:\Users\piyus\cbom_exp\.git\logs...
[2025-11-27 14:55:30] [PROGRESS] resolve files> Scanning C:\Users\piyus\cbom_exp\.git\logs\refs...
[2025-11-27 14:55:30] [PROGRESS] resolve files> Scanning C:\Users\piyus\cbom_exp\.git\logs\refs\heads...
[2025-11-27 14:55:30] [PROGRESS] resolve files> Scanning C:\Users\piyus\cbom_exp\.git\logs\refs\remotes...
[2025-11-27 14:55:30] [PROGRESS] resolve files> Scanning C:\Users\piyus\cbom_exp\.git\logs\refs\remotes\origin...
[2025-11-27 14:55:30] [PROGRESS] resolve files> Scanning C:\Users\piyus\cbom_exp\.git\objects...
[2025-11-27 14:55:30] [PROGRESS] resolve files> Scanning C:\Users\piyus\cbom_exp\.git\objects\00...
[2025-11-27 14:55:30] [PROGRESS] resolve files> Scanning C:\Users\piyus\cbom_exp\.git\objects\01...
[2025-11-27 14:55:30] [PROGRESS] resolve files> Scanning C:\Users\piyus\cbom_exp\.git\objects\03...
[2025-11-27 14:55:30] [PROGRESS] resolve files> Scanning C:\Users\piyus\cbom_exp\.git\objects\04...
[2025-11-27 14:55:30] [PROGRESS] resolve files> Scanning C:\Users\piyus\cbom_exp\.git\objects\05...
[2025-11-27 14:55:30] [PROGRESS] resolve files> Scanning C:\Users\piyus\cbom_exp\.git\objects\06...
[2025-11-27 14:55:30] [PROGRESS] resolve files> Scanning C:\Users\piyus\cbom_exp\.git\objects\07...
[2025-11-27 14:55:30] [PROGRESS] resolve files> Scanning C:\Users\piyus\cbom_exp\.git\objects\08...
[2025-11-27 14:55:30] [PROGRESS] resolve files> Scanning C:\Users\piyus\cbom_exp\.git\objects\09...
[2025-11-27 14:55:30] [PROGRESS] resolve files> Scanning C:\Users\piyus\cbom_exp\.git\objects\0a...
[2025-11-27 14:55:30] [PROGRESS] resolve files> Scanning C:\Users\piyus\cbom_exp\.git\objects\0c...
[2025-11-27 14:55:30] [PROGRESS] resolve files> Scanning C:\Users\piyus\cbom_exp\.git\objects\0d...
[2025-11-27 14:55:30] [PROGRESS] resolve files> Scanning C:\Users\piyus\cbom_exp\.git\objects\0e...
[2025-11-27 14:55:30] [PROGRESS] resolve files> Scanning C:\Users\piyus\cbom_exp\.git\objects\0f...
[2025-11-27 14:55:30] [PROGRESS] resolve files> Scanning C:\Users\piyus\cbom_exp\.git\objects\10...
[2025-11-27 14:55:30] [PROGRESS] resolve files> Scanning C:\Users\piyus\cbom_exp\.git\objects\11...
[2025-11-27 14:55:30] [PROGRESS] resolve files> Scanning C:\Users\piyus\cbom_exp\.git\objects\12...
[2025-11-27 14:55:30] [PROGRESS] resolve files> Scanning C:\Users\piyus\cbom_exp\.git\objects\13...
[2025-11-27 14:55:30] [PROGRESS] resolve files> Scanning C:\Users\piyus\cbom_exp\.git\objects\14...
[2025-11-27 14:55:30] [PROGRESS] resolve files> Scanning C:\Users\piyus\cbom_exp\.git\objects\16...
[2025-11-27 14:55:30] [PROGRESS] resolve files> Scanning C:\Users\piyus\cbom_exp\.git\objects\17...
[2025-11-27 14:55:30] [PROGRESS] resolve files> Scanning C:\Users\piyus\cbom_exp\.git\objects\18...
[2025-11-27 14:55:30] [PROGRESS] resolve files> Scanning C:\Users\piyus\cbom_exp\.git\objects\19...
[2025-11-27 14:55:30] [PROGRESS] resolve files> Scanning C:\Users\piyus\cbom_exp\.git\objects\1a...
[2025-11-27 14:55:30] [PROGRESS] resolve files> Scanning C:\Users\piyus\cbom_exp\.git\objects\1b...
[2025-11-27 14:55:30] [PROGRESS] resolve files> Scanning C:\Users\piyus\cbom_exp\.git\objects\1c...
[2025-11-27 14:55:30] [PROGRESS] resolve files> Scanning C:\Users\piyus\cbom_exp\.git\objects\1d...
[2025-11-27 14:55:30] [PROGRESS] resolve files> Scanning C:\Users\piyus\cbom_exp\.git\objects\1e...
[2025-11-27 14:55:30] [PROGRESS] resolve files> Scanning C:\Users\piyus\cbom_exp\.git\objects\1f...
[2025-11-27 14:55:30] [PROGRESS] resolve files> Scanning C:\Users\piyus\cbom_exp\.git\objects\20...
[2025-11-27 14:55:30] [PROGRESS] resolve files> Scanning C:\Users\piyus\cbom_exp\.git\objects\21...
[2025-11-27 14:55:30] [PROGRESS] resolve files> Scanning C:\Users\piyus\cbom_exp\.git\objects\22...
[2025-11-27 14:55:30] [PROGRESS] resolve files> Scanning C:\Users\piyus\cbom_exp\.git\objects\23...
[2025-11-27 14:55:30] [PROGRESS] resolve files> Scanning C:\Users\piyus\cbom_exp\.git\objects\24...
[2025-11-27 14:55:30] [PROGRESS] resolve files> Scanning C:\Users\piyus\cbom_exp\.git\objects\25...
[2025-11-27 14:55:30] [PROGRESS] resolve files> Scanning C:\Users\piyus\cbom_exp\.git\objects\26...
[2025-11-27 14:55:30] [PROGRESS] resolve files> Scanning C:\Users\piyus\cbom_exp\.git\objects\27...
[2025-11-27 14:55:30] [PROGRESS] resolve files> Scanning C:\Users\piyus\cbom_exp\.git\objects\28...
[2025-11-27 14:55:30] [PROGRESS] resolve files> Scanning C:\Users\piyus\cbom_exp\.git\objects\29...
[2025-11-27 14:55:30] [PROGRESS] resolve files> Scanning C:\Users\piyus\cbom_exp\.git\objects\2a...
[2025-11-27 14:55:30] [PROGRESS] resolve files> Scanning C:\Users\piyus\cbom_exp\.git\objects\2b...
[2025-11-27 14:55:30] [PROGRESS] resolve files> Scanning C:\Users\piyus\cbom_exp\.git\objects\2c...
[2025-11-27 14:55:30] [PROGRESS] resolve files> Scanning C:\Users\piyus\cbom_exp\.git\objects\2d...
[2025-11-27 14:55:30] [PROGRESS] resolve files> Scanning C:\Users\piyus\cbom_exp\.git\objects\2e...
[2025-11-27 14:55:30] [PROGRESS] resolve files> Scanning C:\Users\piyus\cbom_exp\.git\objects\2f...
[2025-11-27 14:55:30] [PROGRESS] resolve files> Scanning C:\Users\piyus\cbom_exp\.git\objects\30...
[2025-11-27 14:55:30] [PROGRESS] resolve files> Scanning C:\Users\piyus\cbom_exp\.git\objects\32...
[2025-11-27 14:55:30] [PROGRESS] resolve files> Scanning C:\Users\piyus\cbom_exp\.git\objects\33...
[2025-11-27 14:55:30] [PROGRESS] resolve files> Scanning C:\Users\piyus\cbom_exp\.git\objects\34...
[2025-11-27 14:55:30] [PROGRESS] resolve files> Scanning C:\Users\piyus\cbom_exp\.git\objects\35...
[2025-11-27 14:55:30] [PROGRESS] resolve files> Scanning C:\Users\piyus\cbom_exp\.git\objects\36...
[2025-11-27 14:55:30] [PROGRESS] resolve files> Scanning C:\Users\piyus\cbom_exp\.git\objects\37...
[2025-11-27 14:55:30] [PROGRESS] resolve files> Scanning C:\Users\piyus\cbom_exp\.git\objects\38...
[2025-11-27 14:55:30] [PROGRESS] resolve files> Scanning C:\Users\piyus\cbom_exp\.git\objects\39...
[2025-11-27 14:55:30] [PROGRESS] resolve files> Scanning C:\Users\piyus\cbom_exp\.git\objects\3b...
[2025-11-27 14:55:30] [PROGRESS] resolve files> Scanning C:\Users\piyus\cbom_exp\.git\objects\3c...
[2025-11-27 14:55:30] [PROGRESS] resolve files> Scanning C:\Users\piyus\cbom_exp\.git\objects\3d...
[2025-11-27 14:55:30] [PROGRESS] resolve files> Scanning C:\Users\piyus\cbom_exp\.git\objects\3e...
[2025-11-27 14:55:30] [PROGRESS] resolve files> Scanning C:\Users\piyus\cbom_exp\.git\objects\3f...
[2025-11-27 14:55:30] [PROGRESS] resolve files> Scanning C:\Users\piyus\cbom_exp\.git\objects\40...
[2025-11-27 14:55:30] [PROGRESS] resolve files> Scanning C:\Users\piyus\cbom_exp\.git\objects\41...
[2025-11-27 14:55:30] [PROGRESS] resolve files> Scanning C:\Users\piyus\cbom_exp\.git\objects\42...
[2025-11-27 14:55:30] [PROGRESS] resolve files> Scanning C:\Users\piyus\cbom_exp\.git\objects\44...
[2025-11-27 14:55:30] [PROGRESS] resolve files> Scanning C:\Users\piyus\cbom_exp\.git\objects\45...
[2025-11-27 14:55:30] [PROGRESS] resolve files> Scanning C:\Users\piyus\cbom_exp\.git\objects\46...
[2025-11-27 14:55:30] [PROGRESS] resolve files> Scanning C:\Users\piyus\cbom_exp\.git\objects\47...
[2025-11-27 14:55:30] [PROGRESS] resolve files> Scanning C:\Users\piyus\cbom_exp\.git\objects\48...
[2025-11-27 14:55:30] [PROGRESS] resolve files> Scanning C:\Users\piyus\cbom_exp\.git\objects\49...
[2025-11-27 14:55:30] [PROGRESS] resolve files> Scanning C:\Users\piyus\cbom_exp\.git\objects\4a...
[2025-11-27 14:55:30] [PROGRESS] resolve files> Scanning C:\Users\piyus\cbom_exp\.git\objects\4b...
[2025-11-27 14:55:30] [PROGRESS] resolve files> Scanning C:\Users\piyus\cbom_exp\.git\objects\4c...
[2025-11-27 14:55:30] [PROGRESS] resolve files> Scanning C:\Users\piyus\cbom_exp\.git\objects\4d...
[2025-11-27 14:55:30] [PROGRESS] resolve files> Scanning C:\Users\piyus\cbom_exp\.git\objects\4e...
[2025-11-27 14:55:30] [PROGRESS] resolve files> Scanning C:\Users\piyus\cbom_exp\.git\objects\4f...
[2025-11-27 14:55:30] [PROGRESS] resolve files> Scanning C:\Users\piyus\cbom_exp\.git\objects\50...
[2025-11-27 14:55:30] [PROGRESS] resolve files> Scanning C:\Users\piyus\cbom_exp\.git\objects\51...
[2025-11-27 14:55:30] [PROGRESS] resolve files> Scanning C:\Users\piyus\cbom_exp\.git\objects\52...
[2025-11-27 14:55:30] [PROGRESS] resolve files> Scanning C:\Users\piyus\cbom_exp\.git\objects\53...
[2025-11-27 14:55:30] [PROGRESS] resolve files> Scanning C:\Users\piyus\cbom_exp\.git\objects\54...
[2025-11-27 14:55:30] [PROGRESS] resolve files> Scanning C:\Users\piyus\cbom_exp\.git\objects\55...
[2025-11-27 14:55:30] [PROGRESS] resolve files> Scanning C:\Users\piyus\cbom_exp\.git\objects\56...
[2025-11-27 14:55:30] [PROGRESS] resolve files> Scanning C:\Users\piyus\cbom_exp\.git\objects\57...
[2025-11-27 14:55:30] [PROGRESS] resolve files> Scanning C:\Users\piyus\cbom_exp\.git\objects\58...
[2025-11-27 14:55:30] [PROGRESS] resolve files> Scanning C:\Users\piyus\cbom_exp\.git\objects\59...
[2025-11-27 14:55:30] [PROGRESS] resolve files> Scanning C:\Users\piyus\cbom_exp\.git\objects\5a...
[2025-11-27 14:55:30] [PROGRESS] resolve files> Scanning C:\Users\piyus\cbom_exp\.git\objects\5b...
[2025-11-27 14:55:30] [PROGRESS] resolve files> Scanning C:\Users\piyus\cbom_exp\.git\objects\5c...
[2025-11-27 14:55:30] [PROGRESS] resolve files> Scanning C:\Users\piyus\cbom_exp\.git\objects\5d...
[2025-11-27 14:55:30] [PROGRESS] resolve files> Scanning C:\Users\piyus\cbom_exp\.git\objects\5e...
[2025-11-27 14:55:30] [PROGRESS] resolve files> Scanning C:\Users\piyus\cbom_exp\.git\objects\60...
[2025-11-27 14:55:30] [PROGRESS] resolve files> Scanning C:\Users\piyus\cbom_exp\.git\objects\61...
[2025-11-27 14:55:30] [PROGRESS] resolve files> Scanning C:\Users\piyus\cbom_exp\.git\objects\62...
[2025-11-27 14:55:30] [PROGRESS] resolve files> Scanning C:\Users\piyus\cbom_exp\.git\objects\63...
[2025-11-27 14:55:30] [PROGRESS] resolve files> Scanning C:\Users\piyus\cbom_exp\.git\objects\64...
[2025-11-27 14:55:30] [PROGRESS] resolve files> Scanning C:\Users\piyus\cbom_exp\.git\objects\65...
[2025-11-27 14:55:30] [PROGRESS] resolve files> Scanning C:\Users\piyus\cbom_exp\.git\objects\66...
[2025-11-27 14:55:30] [PROGRESS] resolve files> Scanning C:\Users\piyus\cbom_exp\.git\objects\67...
[2025-11-27 14:55:30] [PROGRESS] resolve files> Scanning C:\Users\piyus\cbom_exp\.git\objects\68...
[2025-11-27 14:55:30] [PROGRESS] resolve files> Scanning C:\Users\piyus\cbom_exp\.git\objects\69...
[2025-11-27 14:55:30] [PROGRESS] resolve files> Scanning C:\Users\piyus\cbom_exp\.git\objects\6a...
[2025-11-27 14:55:30] [PROGRESS] resolve files> Scanning C:\Users\piyus\cbom_exp\.git\objects\6c...
[2025-11-27 14:55:30] [PROGRESS] resolve files> Scanning C:\Users\piyus\cbom_exp\.git\objects\6d...
[2025-11-27 14:55:30] [PROGRESS] resolve files> Scanning C:\Users\piyus\cbom_exp\.git\objects\6e...
[2025-11-27 14:55:30] [PROGRESS] resolve files> Scanning C:\Users\piyus\cbom_exp\.git\objects\6f...
[2025-11-27 14:55:30] [PROGRESS] resolve files> Scanning C:\Users\piyus\cbom_exp\.git\objects\70...
[2025-11-27 14:55:30] [PROGRESS] resolve files> Scanning C:\Users\piyus\cbom_exp\.git\objects\71...
[2025-11-27 14:55:30] [PROGRESS] resolve files> Scanning C:\Users\piyus\cbom_exp\.git\objects\72...
[2025-11-27 14:55:30] [PROGRESS] resolve files> Scanning C:\Users\piyus\cbom_exp\.git\objects\74...
[2025-11-27 14:55:30] [PROGRESS] resolve files> Scanning C:\Users\piyus\cbom_exp\.git\objects\75...
[2025-11-27 14:55:30] [PROGRESS] resolve files> Scanning C:\Users\piyus\cbom_exp\.git\objects\76...
[2025-11-27 14:55:30] [PROGRESS] resolve files> Scanning C:\Users\piyus\cbom_exp\.git\objects\77...
[2025-11-27 14:55:30] [PROGRESS] resolve files> Scanning C:\Users\piyus\cbom_exp\.git\objects\78...
[2025-11-27 14:55:30] [PROGRESS] resolve files> Scanning C:\Users\piyus\cbom_exp\.git\objects\79...
[2025-11-27 14:55:30] [PROGRESS] resolve files> Scanning C:\Users\piyus\cbom_exp\.git\objects\7a...
[2025-11-27 14:55:30] [PROGRESS] resolve files> Scanning C:\Users\piyus\cbom_exp\.git\objects\7b...
[2025-11-27 14:55:30] [PROGRESS] resolve files> Scanning C:\Users\piyus\cbom_exp\.git\objects\7c...
[2025-11-27 14:55:30] [PROGRESS] resolve files> Scanning C:\Users\piyus\cbom_exp\.git\objects\7d...
[2025-11-27 14:55:30] [PROGRESS] resolve files> Scanning C:\Users\piyus\cbom_exp\.git\objects\7e...
[2025-11-27 14:55:30] [PROGRESS] resolve files> Scanning C:\Users\piyus\cbom_exp\.git\objects\7f...
[2025-11-27 14:55:30] [PROGRESS] resolve files> Scanning C:\Users\piyus\cbom_exp\.git\objects\80...
[2025-11-27 14:55:30] [PROGRESS] resolve files> Scanning C:\Users\piyus\cbom_exp\.git\objects\81...
[2025-11-27 14:55:30] [PROGRESS] resolve files> Scanning C:\Users\piyus\cbom_exp\.git\objects\82...
[2025-11-27 14:55:30] [PROGRESS] resolve files> Scanning C:\Users\piyus\cbom_exp\.git\objects\83...
[2025-11-27 14:55:30] [PROGRESS] resolve files> Scanning C:\Users\piyus\cbom_exp\.git\objects\84...
[2025-11-27 14:55:30] [PROGRESS] resolve files> Scanning C:\Users\piyus\cbom_exp\.git\objects\85...
[2025-11-27 14:55:30] [PROGRESS] resolve files> Scanning C:\Users\piyus\cbom_exp\.git\objects\86...
[2025-11-27 14:55:30] [PROGRESS] resolve files> Scanning C:\Users\piyus\cbom_exp\.git\objects\87...
[2025-11-27 14:55:30] [PROGRESS] resolve files> Scanning C:\Users\piyus\cbom_exp\.git\objects\88...
[2025-11-27 14:55:30] [PROGRESS] resolve files> Scanning C:\Users\piyus\cbom_exp\.git\objects\89...
[2025-11-27 14:55:30] [PROGRESS] resolve files> Scanning C:\Users\piyus\cbom_exp\.git\objects\8a...
[2025-11-27 14:55:30] [PROGRESS] resolve files> Scanning C:\Users\piyus\cbom_exp\.git\objects\8b...
[2025-11-27 14:55:30] [PROGRESS] resolve files> Scanning C:\Users\piyus\cbom_exp\.git\objects\8c...
[2025-11-27 14:55:30] [PROGRESS] resolve files> Scanning C:\Users\piyus\cbom_exp\.git\objects\8d...
[2025-11-27 14:55:30] [PROGRESS] resolve files> Scanning C:\Users\piyus\cbom_exp\.git\objects\8e...
[2025-11-27 14:55:30] [PROGRESS] resolve files> Scanning C:\Users\piyus\cbom_exp\.git\objects\8f...
[2025-11-27 14:55:30] [PROGRESS] resolve files> Scanning C:\Users\piyus\cbom_exp\.git\objects\90...
[2025-11-27 14:55:30] [PROGRESS] resolve files> Scanning C:\Users\piyus\cbom_exp\.git\objects\91...
[2025-11-27 14:55:30] [PROGRESS] resolve files> Scanning C:\Users\piyus\cbom_exp\.git\objects\92...
[2025-11-27 14:55:30] [PROGRESS] resolve files> Scanning C:\Users\piyus\cbom_exp\.git\objects\93...
[2025-11-27 14:55:30] [PROGRESS] resolve files> Scanning C:\Users\piyus\cbom_exp\.git\objects\94...
[2025-11-27 14:55:30] [PROGRESS] resolve files> Scanning C:\Users\piyus\cbom_exp\.git\objects\95...
[2025-11-27 14:55:30] [PROGRESS] resolve files> Scanning C:\Users\piyus\cbom_exp\.git\objects\96...
[2025-11-27 14:55:30] [PROGRESS] resolve files> Scanning C:\Users\piyus\cbom_exp\.git\objects\97...
[2025-11-27 14:55:30] [PROGRESS] resolve files> Scanning C:\Users\piyus\cbom_exp\.git\objects\98...
[2025-11-27 14:55:30] [PROGRESS] resolve files> Scanning C:\Users\piyus\cbom_exp\.git\objects\99...
[2025-11-27 14:55:30] [PROGRESS] resolve files> Scanning C:\Users\piyus\cbom_exp\.git\objects\9a...
[2025-11-27 14:55:30] [PROGRESS] resolve files> Scanning C:\Users\piyus\cbom_exp\.git\objects\9b...
[2025-11-27 14:55:30] [PROGRESS] resolve files> Scanning C:\Users\piyus\cbom_exp\.git\objects\9c...
[2025-11-27 14:55:30] [PROGRESS] resolve files> Scanning C:\Users\piyus\cbom_exp\.git\objects\9d...
[2025-11-27 14:55:30] [PROGRESS] resolve files> Scanning C:\Users\piyus\cbom_exp\.git\objects\9e...
[2025-11-27 14:55:30] [PROGRESS] resolve files> Scanning C:\Users\piyus\cbom_exp\.git\objects\9f...
[2025-11-27 14:55:30] [PROGRESS] resolve files> Scanning C:\Users\piyus\cbom_exp\.git\objects\a0...
[2025-11-27 14:55:30] [PROGRESS] resolve files> Scanning C:\Users\piyus\cbom_exp\.git\objects\a1...
[2025-11-27 14:55:30] [PROGRESS] resolve files> Scanning C:\Users\piyus\cbom_exp\.git\objects\a2...
[2025-11-27 14:55:30] [PROGRESS] resolve files> Scanning C:\Users\piyus\cbom_exp\.git\objects\a3...
[2025-11-27 14:55:30] [PROGRESS] resolve files> Scanning C:\Users\piyus\cbom_exp\.git\objects\a4...
[2025-11-27 14:55:30] [PROGRESS] resolve files> Scanning C:\Users\piyus\cbom_exp\.git\objects\a5...
[2025-11-27 14:55:30] [PROGRESS] resolve files> Scanning C:\Users\piyus\cbom_exp\.git\objects\a6...
[2025-11-27 14:55:30] [PROGRESS] resolve files> Scanning C:\Users\piyus\cbom_exp\.git\objects\a7...
[2025-11-27 14:55:30] [PROGRESS] resolve files> Scanning C:\Users\piyus\cbom_exp\.git\objects\a8...
[2025-11-27 14:55:30] [PROGRESS] resolve files> Scanning C:\Users\piyus\cbom_exp\.git\objects\a9...
[2025-11-27 14:55:30] [PROGRESS] resolve files> Scanning C:\Users\piyus\cbom_exp\.git\objects\aa...
[2025-11-27 14:55:30] [PROGRESS] resolve files> Scanning C:\Users\piyus\cbom_exp\.git\objects\ab...
[2025-11-27 14:55:30] [PROGRESS] resolve files> Scanning C:\Users\piyus\cbom_exp\.git\objects\ac...
[2025-11-27 14:55:30] [PROGRESS] resolve files> Scanning C:\Users\piyus\cbom_exp\.git\objects\ad...
[2025-11-27 14:55:30] [PROGRESS] resolve files> Scanning C:\Users\piyus\cbom_exp\.git\objects\ae...
[2025-11-27 14:55:30] [PROGRESS] resolve files> Scanning C:\Users\piyus\cbom_exp\.git\objects\b0...
[2025-11-27 14:55:30] [PROGRESS] resolve files> Scanning C:\Users\piyus\cbom_exp\.git\objects\b1...
[2025-11-27 14:55:30] [PROGRESS] resolve files> Scanning C:\Users\piyus\cbom_exp\.git\objects\b2...
[2025-11-27 14:55:30] [PROGRESS] resolve files> Scanning C:\Users\piyus\cbom_exp\.git\objects\b3...
[2025-11-27 14:55:30] [PROGRESS] resolve files> Scanning C:\Users\piyus\cbom_exp\.git\objects\b4...
[2025-11-27 14:55:30] [PROGRESS] resolve files> Scanning C:\Users\piyus\cbom_exp\.git\objects\b5...
[2025-11-27 14:55:30] [PROGRESS] resolve files> Scanning C:\Users\piyus\cbom_exp\.git\objects\b6...
[2025-11-27 14:55:30] [PROGRESS] resolve files> Scanning C:\Users\piyus\cbom_exp\.git\objects\b7...
[2025-11-27 14:55:30] [PROGRESS] resolve files> Scanning C:\Users\piyus\cbom_exp\.git\objects\b8...
[2025-11-27 14:55:30] [PROGRESS] resolve files> Scanning C:\Users\piyus\cbom_exp\.git\objects\b9...
[2025-11-27 14:55:30] [PROGRESS] resolve files> Scanning C:\Users\piyus\cbom_exp\.git\objects\ba...
[2025-11-27 14:55:30] [PROGRESS] resolve files> Scanning C:\Users\piyus\cbom_exp\.git\objects\bb...
[2025-11-27 14:55:30] [PROGRESS] resolve files> Scanning C:\Users\piyus\cbom_exp\.git\objects\bc...
[2025-11-27 14:55:30] [PROGRESS] resolve files> Scanning C:\Users\piyus\cbom_exp\.git\objects\bd...
[2025-11-27 14:55:30] [PROGRESS] resolve files> Scanning C:\Users\piyus\cbom_exp\.git\objects\be...
[2025-11-27 14:55:30] [PROGRESS] resolve files> Scanning C:\Users\piyus\cbom_exp\.git\objects\bf...
[2025-11-27 14:55:30] [PROGRESS] resolve files> Scanning C:\Users\piyus\cbom_exp\.git\objects\c0...
[2025-11-27 14:55:30] [PROGRESS] resolve files> Scanning C:\Users\piyus\cbom_exp\.git\objects\c1...
[2025-11-27 14:55:30] [PROGRESS] resolve files> Scanning C:\Users\piyus\cbom_exp\.git\objects\c2...
[2025-11-27 14:55:30] [PROGRESS] resolve files> Scanning C:\Users\piyus\cbom_exp\.git\objects\c3...
[2025-11-27 14:55:30] [PROGRESS] resolve files> Scanning C:\Users\piyus\cbom_exp\.git\objects\c4...
[2025-11-27 14:55:30] [PROGRESS] resolve files> Scanning C:\Users\piyus\cbom_exp\.git\objects\c5...
[2025-11-27 14:55:30] [PROGRESS] resolve files> Scanning C:\Users\piyus\cbom_exp\.git\objects\c6...
[2025-11-27 14:55:30] [PROGRESS] resolve files> Scanning C:\Users\piyus\cbom_exp\.git\objects\c7...
[2025-11-27 14:55:30] [PROGRESS] resolve files> Scanning C:\Users\piyus\cbom_exp\.git\objects\c8...
[2025-11-27 14:55:30] [PROGRESS] resolve files> Scanning C:\Users\piyus\cbom_exp\.git\objects\c9...
[2025-11-27 14:55:30] [PROGRESS] resolve files> Scanning C:\Users\piyus\cbom_exp\.git\objects\ca...
[2025-11-27 14:55:30] [PROGRESS] resolve files> Scanning C:\Users\piyus\cbom_exp\.git\objects\cb...
[2025-11-27 14:55:30] [PROGRESS] resolve files> Scanning C:\Users\piyus\cbom_exp\.git\objects\cc...
[2025-11-27 14:55:30] [PROGRESS] resolve files> Scanning C:\Users\piyus\cbom_exp\.git\objects\cd...
[2025-11-27 14:55:30] [PROGRESS] resolve files> Scanning C:\Users\piyus\cbom_exp\.git\objects\ce...
[2025-11-27 14:55:30] [PROGRESS] resolve files> Scanning C:\Users\piyus\cbom_exp\.git\objects\cf...
[2025-11-27 14:55:30] [PROGRESS] resolve files> Scanning C:\Users\piyus\cbom_exp\.git\objects\d0...
[2025-11-27 14:55:30] [PROGRESS] resolve files> Scanning C:\Users\piyus\cbom_exp\.git\objects\d1...
[2025-11-27 14:55:30] [PROGRESS] resolve files> Scanning C:\Users\piyus\cbom_exp\.git\objects\d2...
[2025-11-27 14:55:30] [PROGRESS] resolve files> Scanning C:\Users\piyus\cbom_exp\.git\objects\d3...
[2025-11-27 14:55:30] [PROGRESS] resolve files> Scanning C:\Users\piyus\cbom_exp\.git\objects\d4...
[2025-11-27 14:55:30] [PROGRESS] resolve files> Scanning C:\Users\piyus\cbom_exp\.git\objects\d5...
[2025-11-27 14:55:30] [PROGRESS] resolve files> Scanning C:\Users\piyus\cbom_exp\.git\objects\d6...
[2025-11-27 14:55:30] [PROGRESS] resolve files> Scanning C:\Users\piyus\cbom_exp\.git\objects\d7...
[2025-11-27 14:55:30] [PROGRESS] resolve files> Scanning C:\Users\piyus\cbom_exp\.git\objects\d8...
[2025-11-27 14:55:30] [PROGRESS] resolve files> Scanning C:\Users\piyus\cbom_exp\.git\objects\da...
[2025-11-27 14:55:30] [PROGRESS] resolve files> Scanning C:\Users\piyus\cbom_exp\.git\objects\db...
[2025-11-27 14:55:30] [PROGRESS] resolve files> Scanning C:\Users\piyus\cbom_exp\.git\objects\dc...
[2025-11-27 14:55:30] [PROGRESS] resolve files> Scanning C:\Users\piyus\cbom_exp\.git\objects\dd...
[2025-11-27 14:55:30] [PROGRESS] resolve files> Scanning C:\Users\piyus\cbom_exp\.git\objects\de...
[2025-11-27 14:55:30] [PROGRESS] resolve files> Scanning C:\Users\piyus\cbom_exp\.git\objects\df...
[2025-11-27 14:55:30] [PROGRESS] resolve files> Scanning C:\Users\piyus\cbom_exp\.git\objects\e1...
[2025-11-27 14:55:30] [PROGRESS] resolve files> Scanning C:\Users\piyus\cbom_exp\.git\objects\e2...
[2025-11-27 14:55:30] [PROGRESS] resolve files> Scanning C:\Users\piyus\cbom_exp\.git\objects\e3...
[2025-11-27 14:55:30] [PROGRESS] resolve files> Scanning C:\Users\piyus\cbom_exp\.git\objects\e4...
[2025-11-27 14:55:30] [PROGRESS] resolve files> Scanning C:\Users\piyus\cbom_exp\.git\objects\e5...
[2025-11-27 14:55:30] [PROGRESS] resolve files> Scanning C:\Users\piyus\cbom_exp\.git\objects\e6...
[2025-11-27 14:55:30] [PROGRESS] resolve files> Scanning C:\Users\piyus\cbom_exp\.git\objects\e7...
[2025-11-27 14:55:30] [PROGRESS] resolve files> Scanning C:\Users\piyus\cbom_exp\.git\objects\e8...
[2025-11-27 14:55:30] [PROGRESS] resolve files> Scanning C:\Users\piyus\cbom_exp\.git\objects\e9...
[2025-11-27 14:55:30] [PROGRESS] resolve files> Scanning C:\Users\piyus\cbom_exp\.git\objects\ea...
[2025-11-27 14:55:30] [PROGRESS] resolve files> Scanning C:\Users\piyus\cbom_exp\.git\objects\eb...
[2025-11-27 14:55:30] [PROGRESS] resolve files> Scanning C:\Users\piyus\cbom_exp\.git\objects\ec...
[2025-11-27 14:55:30] [PROGRESS] resolve files> Scanning C:\Users\piyus\cbom_exp\.git\objects\ed...
[2025-11-27 14:55:30] [PROGRESS] resolve files> Scanning C:\Users\piyus\cbom_exp\.git\objects\ee...
[2025-11-27 14:55:30] [PROGRESS] resolve files> Scanning C:\Users\piyus\cbom_exp\.git\objects\f0...
[2025-11-27 14:55:30] [PROGRESS] resolve files> Scanning C:\Users\piyus\cbom_exp\.git\objects\f1...
[2025-11-27 14:55:30] [PROGRESS] resolve files> Scanning C:\Users\piyus\cbom_exp\.git\objects\f2...
[2025-11-27 14:55:30] [PROGRESS] resolve files> Scanning C:\Users\piyus\cbom_exp\.git\objects\f3...
[2025-11-27 14:55:30] [PROGRESS] resolve files> Scanning C:\Users\piyus\cbom_exp\.git\objects\f4...
[2025-11-27 14:55:30] [PROGRESS] resolve files> Scanning C:\Users\piyus\cbom_exp\.git\objects\f5...
[2025-11-27 14:55:30] [PROGRESS] resolve files> Scanning C:\Users\piyus\cbom_exp\.git\objects\f6...
[2025-11-27 14:55:30] [PROGRESS] resolve files> Scanning C:\Users\piyus\cbom_exp\.git\objects\f7...
[2025-11-27 14:55:30] [PROGRESS] resolve files> Scanning C:\Users\piyus\cbom_exp\.git\objects\f8...
[2025-11-27 14:55:30] [PROGRESS] resolve files> Scanning C:\Users\piyus\cbom_exp\.git\objects\f9...
[2025-11-27 14:55:30] [PROGRESS] resolve files> Scanning C:\Users\piyus\cbom_exp\.git\objects\fa...
[2025-11-27 14:55:30] [PROGRESS] resolve files> Scanning C:\Users\piyus\cbom_exp\.git\objects\fb...
[2025-11-27 14:55:30] [PROGRESS] resolve files> Scanning C:\Users\piyus\cbom_exp\.git\objects\fc...
[2025-11-27 14:55:30] [PROGRESS] resolve files> Scanning C:\Users\piyus\cbom_exp\.git\objects\fd...
[2025-11-27 14:55:30] [PROGRESS] resolve files> Scanning C:\Users\piyus\cbom_exp\.git\objects\fe...
[2025-11-27 14:55:30] [PROGRESS] resolve files> Scanning C:\Users\piyus\cbom_exp\.git\objects\ff...
[2025-11-27 14:55:30] [PROGRESS] resolve files> Scanning C:\Users\piyus\cbom_exp\.git\objects\info...
[2025-11-27 14:55:30] [PROGRESS] resolve files> Scanning C:\Users\piyus\cbom_exp\.git\objects\pack...
[2025-11-27 14:55:30] [PROGRESS] resolve files> Scanning C:\Users\piyus\cbom_exp\.git\refs...
[2025-11-27 14:55:30] [PROGRESS] resolve files> Scanning C:\Users\piyus\cbom_exp\.git\refs\heads...
[2025-11-27 14:55:30] [PROGRESS] resolve files> Scanning C:\Users\piyus\cbom_exp\.git\refs\remotes...
[2025-11-27 14:55:30] [PROGRESS] resolve files> Scanning C:\Users\piyus\cbom_exp\.git\refs\remotes\origin...
[2025-11-27 14:55:30] [PROGRESS] resolve files> Scanning C:\Users\piyus\cbom_exp\.git\refs\tags...
[2025-11-27 14:55:30] [PROGRESS] resolve files> Scanning C:\Users\piyus\cbom_exp\.vscode...
[2025-11-27 14:55:30] [PROGRESS] resolve files> Scanning C:\Users\piyus\cbom_exp\codeql-custom-queries-python...
[2025-11-27 14:55:30] [PROGRESS] resolve files> Scanning C:\Users\piyus\cbom_exp\database...
[2025-11-27 14:55:30] [PROGRESS] resolve files> Scanning C:\Users\piyus\cbom_exp\database\diagnostic...
[2025-11-27 14:55:30] [PROGRESS] resolve files> Scanning C:\Users\piyus\cbom_exp\database\diagnostic\extractors...
[2025-11-27 14:55:30] [PROGRESS] resolve files> Scanning C:\Users\piyus\cbom_exp\database\diagnostic\extractors\python...
[2025-11-27 14:55:30] [PROGRESS] resolve files> Scanning C:\Users\piyus\cbom_exp\database\diagnostic\tracer...
[2025-11-27 14:55:30] [PROGRESS] resolve files> Scanning C:\Users\piyus\cbom_exp\database\log...
[2025-11-27 14:55:30] [PROGRESS] resolve files> Scanning C:\Users\piyus\cbom_exp\database\src...
[2025-11-27 14:55:30] [PROGRESS] resolve files> Scanning C:\Users\piyus\cbom_exp\database\src\C_...
[2025-11-27 14:55:30] [PROGRESS] resolve files> Scanning C:\Users\piyus\cbom_exp\database\src\C_\Users...
[2025-11-27 14:55:30] [PROGRESS] resolve files> Scanning C:\Users\piyus\cbom_exp\database\src\C_\Users\piyus...
[2025-11-27 14:55:30] [PROGRESS] resolve files> Scanning C:\Users\piyus\cbom_exp\database\src\C_\Users\piyus\cbom_exp...
[2025-11-27 14:55:30] [PROGRESS] resolve files> Scanning C:\Users\piyus\cbom_exp\database\trap...
[2025-11-27 14:55:30] [PROGRESS] resolve files> Scanning C:\Users\piyus\cbom_exp\database\trap\python...
[2025-11-27 14:55:30] [PROGRESS] resolve files> Scanning C:\Users\piyus\cbom_exp\database\working...
[2025-11-27 14:55:30] [PROGRESS] resolve files> Scanning C:\Users\piyus\cbom_exp\database\working\trap_cache...
[2025-11-27 14:55:30] [PROGRESS] resolve files> Scanning C:\Users\piyus\cbom_exp\database\working\trap_cache\1...
[2025-11-27 14:55:30] [PROGRESS] resolve files> Scanning C:\Users\piyus\cbom_exp\org...
[2025-11-27 14:55:30] [PROGRESS] resolve files> Scanning C:\Users\piyus\cbom_exp\org\bouncycastle...
[2025-11-27 14:55:30] [PROGRESS] resolve files> Scanning C:\Users\piyus\cbom_exp\org\bouncycastle\asn1...
[2025-11-27 14:55:30] [PROGRESS] resolve files> Scanning C:\Users\piyus\cbom_exp\org\bouncycastle\asn1\anssi...
[2025-11-27 14:55:30] [PROGRESS] resolve files> Scanning C:\Users\piyus\cbom_exp\org\bouncycastle\asn1\bc...
[2025-11-27 14:55:30] [PROGRESS] resolve files> Scanning C:\Users\piyus\cbom_exp\org\bouncycastle\asn1\bsi...
[2025-11-27 14:55:30] [PROGRESS] resolve files> Scanning C:\Users\piyus\cbom_exp\org\bouncycastle\asn1\cmc...
[2025-11-27 14:55:30] [PROGRESS] resolve files> Scanning C:\Users\piyus\cbom_exp\org\bouncycastle\asn1\cmp...
[2025-11-27 14:55:30] [PROGRESS] resolve files> Scanning C:\Users\piyus\cbom_exp\org\bouncycastle\asn1\cms...
[2025-11-27 14:55:30] [PROGRESS] resolve files> Scanning C:\Users\piyus\cbom_exp\org\bouncycastle\asn1\cms\ecc...
[2025-11-27 14:55:30] [PROGRESS] resolve files> Scanning C:\Users\piyus\cbom_exp\org\bouncycastle\asn1\crmf...
[2025-11-27 14:55:30] [PROGRESS] resolve files> Scanning C:\Users\piyus\cbom_exp\org\bouncycastle\asn1\cryptlib...
[2025-11-27 14:55:30] [PROGRESS] resolve files> Scanning C:\Users\piyus\cbom_exp\org\bouncycastle\asn1\cryptopro...
[2025-11-27 14:55:30] [PROGRESS] resolve files> Scanning C:\Users\piyus\cbom_exp\org\bouncycastle\asn1\dvcs...
[2025-11-27 14:55:30] [PROGRESS] resolve files> Scanning C:\Users\piyus\cbom_exp\org\bouncycastle\asn1\eac...
[2025-11-27 14:55:30] [PROGRESS] resolve files> Scanning C:\Users\piyus\cbom_exp\org\bouncycastle\asn1\edec...
[2025-11-27 14:55:30] [PROGRESS] resolve files> Scanning C:\Users\piyus\cbom_exp\org\bouncycastle\asn1\esf...
[2025-11-27 14:55:30] [PROGRESS] resolve files> Scanning C:\Users\piyus\cbom_exp\org\bouncycastle\asn1\ess...
[2025-11-27 14:55:30] [PROGRESS] resolve files> Scanning C:\Users\piyus\cbom_exp\org\bouncycastle\asn1\est...
[2025-11-27 14:55:30] [PROGRESS] resolve files> Scanning C:\Users\piyus\cbom_exp\org\bouncycastle\asn1\gm...
[2025-11-27 14:55:30] [PROGRESS] resolve files> Scanning C:\Users\piyus\cbom_exp\org\bouncycastle\asn1\gnu...
[2025-11-27 14:55:30] [PROGRESS] resolve files> Scanning C:\Users\piyus\cbom_exp\org\bouncycastle\asn1\iana...
[2025-11-27 14:55:30] [PROGRESS] resolve files> Scanning C:\Users\piyus\cbom_exp\org\bouncycastle\asn1\icao...
[2025-11-27 14:55:30] [PROGRESS] resolve files> Scanning C:\Users\piyus\cbom_exp\org\bouncycastle\asn1\isara...
[2025-11-27 14:55:30] [PROGRESS] resolve files> Scanning C:\Users\piyus\cbom_exp\org\bouncycastle\asn1\isismtt...
[2025-11-27 14:55:30] [PROGRESS] resolve files> Scanning C:\Users\piyus\cbom_exp\org\bouncycastle\asn1\isismtt\ocsp...
[2025-11-27 14:55:30] [PROGRESS] resolve files> Scanning C:\Users\piyus\cbom_exp\org\bouncycastle\asn1\isismtt\x509...
[2025-11-27 14:55:30] [PROGRESS] resolve files> Scanning C:\Users\piyus\cbom_exp\org\bouncycastle\asn1\iso...
[2025-11-27 14:55:30] [PROGRESS] resolve files> Scanning C:\Users\piyus\cbom_exp\org\bouncycastle\asn1\kisa...
[2025-11-27 14:55:30] [PROGRESS] resolve files> Scanning C:\Users\piyus\cbom_exp\org\bouncycastle\asn1\microsoft...
[2025-11-27 14:55:30] [PROGRESS] resolve files> Scanning C:\Users\piyus\cbom_exp\org\bouncycastle\asn1\misc...
[2025-11-27 14:55:30] [PROGRESS] resolve files> Scanning C:\Users\piyus\cbom_exp\org\bouncycastle\asn1\mod...
[2025-11-27 14:55:30] [PROGRESS] resolve files> Scanning C:\Users\piyus\cbom_exp\org\bouncycastle\asn1\mozilla...
[2025-11-27 14:55:30] [PROGRESS] resolve files> Scanning C:\Users\piyus\cbom_exp\org\bouncycastle\asn1\nist...
[2025-11-27 14:55:30] [PROGRESS] resolve files> Scanning C:\Users\piyus\cbom_exp\org\bouncycastle\asn1\nsri...
[2025-11-27 14:55:30] [PROGRESS] resolve files> Scanning C:\Users\piyus\cbom_exp\org\bouncycastle\asn1\ntt...
[2025-11-27 14:55:30] [PROGRESS] resolve files> Scanning C:\Users\piyus\cbom_exp\org\bouncycastle\asn1\ocsp...
[2025-11-27 14:55:30] [PROGRESS] resolve files> Scanning C:\Users\piyus\cbom_exp\org\bouncycastle\asn1\oiw...
[2025-11-27 14:55:30] [PROGRESS] resolve files> Scanning C:\Users\piyus\cbom_exp\org\bouncycastle\asn1\pkcs...
[2025-11-27 14:55:30] [PROGRESS] resolve files> Scanning C:\Users\piyus\cbom_exp\org\bouncycastle\asn1\rosstandart...
[2025-11-27 14:55:30] [PROGRESS] resolve files> Scanning C:\Users\piyus\cbom_exp\org\bouncycastle\asn1\sec...
[2025-11-27 14:55:30] [PROGRESS] resolve files> Scanning C:\Users\piyus\cbom_exp\org\bouncycastle\asn1\smime...
[2025-11-27 14:55:30] [PROGRESS] resolve files> Scanning C:\Users\piyus\cbom_exp\org\bouncycastle\asn1\teletrust...
[2025-11-27 14:55:30] [PROGRESS] resolve files> Scanning C:\Users\piyus\cbom_exp\org\bouncycastle\asn1\tsp...
[2025-11-27 14:55:30] [PROGRESS] resolve files> Scanning C:\Users\piyus\cbom_exp\org\bouncycastle\asn1\ua...
[2025-11-27 14:55:30] [PROGRESS] resolve files> Scanning C:\Users\piyus\cbom_exp\org\bouncycastle\asn1\util...
[2025-11-27 14:55:30] [PROGRESS] resolve files> Scanning C:\Users\piyus\cbom_exp\org\bouncycastle\asn1\x500...
[2025-11-27 14:55:30] [PROGRESS] resolve files> Scanning C:\Users\piyus\cbom_exp\org\bouncycastle\asn1\x500\style...
[2025-11-27 14:55:30] [PROGRESS] resolve files> Scanning C:\Users\piyus\cbom_exp\org\bouncycastle\asn1\x509...
[2025-11-27 14:55:30] [PROGRESS] resolve files> Scanning C:\Users\piyus\cbom_exp\org\bouncycastle\asn1\x509\qualified...
[2025-11-27 14:55:30] [PROGRESS] resolve files> Scanning C:\Users\piyus\cbom_exp\org\bouncycastle\asn1\x509\sigi...
[2025-11-27 14:55:30] [PROGRESS] resolve files> Scanning C:\Users\piyus\cbom_exp\org\bouncycastle\asn1\x9...
[2025-11-27 14:55:30] [PROGRESS] resolve files> Scanning C:\Users\piyus\cbom_exp\org\bouncycastle\crypto...
[2025-11-27 14:55:30] [PROGRESS] resolve files> Scanning C:\Users\piyus\cbom_exp\org\bouncycastle\crypto\agreement...
[2025-11-27 14:55:30] [PROGRESS] resolve files> Scanning C:\Users\piyus\cbom_exp\org\bouncycastle\crypto\agreement\ecjpake...
[2025-11-27 14:55:30] [PROGRESS] resolve files> Scanning C:\Users\piyus\cbom_exp\org\bouncycastle\crypto\agreement\jpake...
[2025-11-27 14:55:30] [PROGRESS] resolve files> Scanning C:\Users\piyus\cbom_exp\org\bouncycastle\crypto\agreement\kdf...
[2025-11-27 14:55:30] [PROGRESS] resolve files> Scanning C:\Users\piyus\cbom_exp\org\bouncycastle\crypto\agreement\srp...
[2025-11-27 14:55:30] [PROGRESS] resolve files> Scanning C:\Users\piyus\cbom_exp\org\bouncycastle\crypto\commitments...
[2025-11-27 14:55:30] [PROGRESS] resolve files> Scanning C:\Users\piyus\cbom_exp\org\bouncycastle\crypto\constraints...
[2025-11-27 14:55:30] [PROGRESS] resolve files> Scanning C:\Users\piyus\cbom_exp\org\bouncycastle\crypto\digests...
[2025-11-27 14:55:30] [PROGRESS] resolve files> Scanning C:\Users\piyus\cbom_exp\org\bouncycastle\crypto\ec...
[2025-11-27 14:55:30] [PROGRESS] resolve files> Scanning C:\Users\piyus\cbom_exp\org\bouncycastle\crypto\encodings...
[2025-11-27 14:55:30] [PROGRESS] resolve files> Scanning C:\Users\piyus\cbom_exp\org\bouncycastle\crypto\engines...
[2025-11-27 14:55:30] [PROGRESS] resolve files> Scanning C:\Users\piyus\cbom_exp\org\bouncycastle\crypto\examples...
[2025-11-27 14:55:30] [PROGRESS] resolve files> Scanning C:\Users\piyus\cbom_exp\org\bouncycastle\crypto\fpe...
[2025-11-27 14:55:30] [PROGRESS] resolve files> Scanning C:\Users\piyus\cbom_exp\org\bouncycastle\crypto\generators...
[2025-11-27 14:55:30] [PROGRESS] resolve files> Scanning C:\Users\piyus\cbom_exp\org\bouncycastle\crypto\hpke...
[2025-11-27 14:55:30] [PROGRESS] resolve files> Scanning C:\Users\piyus\cbom_exp\org\bouncycastle\crypto\io...
[2025-11-27 14:55:30] [PROGRESS] resolve files> Scanning C:\Users\piyus\cbom_exp\org\bouncycastle\crypto\kems...
[2025-11-27 14:55:30] [PROGRESS] resolve files> Scanning C:\Users\piyus\cbom_exp\org\bouncycastle\crypto\macs...
[2025-11-27 14:55:30] [PROGRESS] resolve files> Scanning C:\Users\piyus\cbom_exp\org\bouncycastle\crypto\modes...
[2025-11-27 14:55:30] [PROGRESS] resolve files> Scanning C:\Users\piyus\cbom_exp\org\bouncycastle\crypto\modes\gcm...
[2025-11-27 14:55:30] [PROGRESS] resolve files> Scanning C:\Users\piyus\cbom_exp\org\bouncycastle\crypto\modes\kgcm...
[2025-11-27 14:55:30] [PROGRESS] resolve files> Scanning C:\Users\piyus\cbom_exp\org\bouncycastle\crypto\paddings...
[2025-11-27 14:55:30] [PROGRESS] resolve files> Scanning C:\Users\piyus\cbom_exp\org\bouncycastle\crypto\params...
[2025-11-27 14:55:30] [PROGRESS] resolve files> Scanning C:\Users\piyus\cbom_exp\org\bouncycastle\crypto\parsers...
[2025-11-27 14:55:30] [PROGRESS] resolve files> Scanning C:\Users\piyus\cbom_exp\org\bouncycastle\crypto\prng...
[2025-11-27 14:55:30] [PROGRESS] resolve files> Scanning C:\Users\piyus\cbom_exp\org\bouncycastle\crypto\prng\drbg...
[2025-11-27 14:55:30] [PROGRESS] resolve files> Scanning C:\Users\piyus\cbom_exp\org\bouncycastle\crypto\signers...
[2025-11-27 14:55:30] [PROGRESS] resolve files> Scanning C:\Users\piyus\cbom_exp\org\bouncycastle\crypto\threshold...
[2025-11-27 14:55:30] [PROGRESS] resolve files> Scanning C:\Users\piyus\cbom_exp\org\bouncycastle\crypto\tls...
[2025-11-27 14:55:30] [PROGRESS] resolve files> Scanning C:\Users\piyus\cbom_exp\org\bouncycastle\crypto\util...
[2025-11-27 14:55:30] [PROGRESS] resolve files> Scanning C:\Users\piyus\cbom_exp\org\bouncycastle\i18n...
[2025-11-27 14:55:30] [PROGRESS] resolve files> Scanning C:\Users\piyus\cbom_exp\org\bouncycastle\i18n\filter...
[2025-11-27 14:55:30] [PROGRESS] resolve files> Scanning C:\Users\piyus\cbom_exp\org\bouncycastle\iana...
[2025-11-27 14:55:30] [PROGRESS] resolve files> Scanning C:\Users\piyus\cbom_exp\org\bouncycastle\internal...
[2025-11-27 14:55:30] [PROGRESS] resolve files> Scanning C:\Users\piyus\cbom_exp\org\bouncycastle\internal\asn1...
[2025-11-27 14:55:30] [PROGRESS] resolve files> Scanning C:\Users\piyus\cbom_exp\org\bouncycastle\internal\asn1\bsi...
[2025-11-27 14:55:30] [PROGRESS] resolve files> Scanning C:\Users\piyus\cbom_exp\org\bouncycastle\internal\asn1\cms...
[2025-11-27 14:55:30] [PROGRESS] resolve files> Scanning C:\Users\piyus\cbom_exp\org\bouncycastle\internal\asn1\cryptlib...
[2025-11-27 14:55:30] [PROGRESS] resolve files> Scanning C:\Users\piyus\cbom_exp\org\bouncycastle\internal\asn1\eac...
[2025-11-27 14:55:30] [PROGRESS] resolve files> Scanning C:\Users\piyus\cbom_exp\org\bouncycastle\internal\asn1\edec...
[2025-11-27 14:55:30] [PROGRESS] resolve files> Scanning C:\Users\piyus\cbom_exp\org\bouncycastle\internal\asn1\gnu...
[2025-11-27 14:55:30] [PROGRESS] resolve files> Scanning C:\Users\piyus\cbom_exp\org\bouncycastle\internal\asn1\iana...
[2025-11-27 14:55:30] [PROGRESS] resolve files> Scanning C:\Users\piyus\cbom_exp\org\bouncycastle\internal\asn1\isara...
[2025-11-27 14:55:30] [PROGRESS] resolve files> Scanning C:\Users\piyus\cbom_exp\org\bouncycastle\internal\asn1\isismtt...
[2025-11-27 14:55:30] [PROGRESS] resolve files> Scanning C:\Users\piyus\cbom_exp\org\bouncycastle\internal\asn1\iso...
[2025-11-27 14:55:30] [PROGRESS] resolve files> Scanning C:\Users\piyus\cbom_exp\org\bouncycastle\internal\asn1\kisa...
[2025-11-27 14:55:30] [PROGRESS] resolve files> Scanning C:\Users\piyus\cbom_exp\org\bouncycastle\internal\asn1\microsoft...
[2025-11-27 14:55:30] [PROGRESS] resolve files> Scanning C:\Users\piyus\cbom_exp\org\bouncycastle\internal\asn1\misc...
[2025-11-27 14:55:30] [PROGRESS] resolve files> Scanning C:\Users\piyus\cbom_exp\org\bouncycastle\internal\asn1\nsri...
[2025-11-27 14:55:30] [PROGRESS] resolve files> Scanning C:\Users\piyus\cbom_exp\org\bouncycastle\internal\asn1\ntt...
[2025-11-27 14:55:30] [PROGRESS] resolve files> Scanning C:\Users\piyus\cbom_exp\org\bouncycastle\internal\asn1\oiw...
[2025-11-27 14:55:30] [PROGRESS] resolve files> Scanning C:\Users\piyus\cbom_exp\org\bouncycastle\internal\asn1\rosstandart...
[2025-11-27 14:55:30] [PROGRESS] resolve files> Scanning C:\Users\piyus\cbom_exp\org\bouncycastle\jcajce...
[2025-11-27 14:55:30] [PROGRESS] resolve files> Scanning C:\Users\piyus\cbom_exp\org\bouncycastle\jcajce\interfaces...
[2025-11-27 14:55:30] [PROGRESS] resolve files> Scanning C:\Users\piyus\cbom_exp\org\bouncycastle\jcajce\io...
[2025-11-27 14:55:30] [PROGRESS] resolve files> Scanning C:\Users\piyus\cbom_exp\org\bouncycastle\jcajce\provider...
[2025-11-27 14:55:30] [PROGRESS] resolve files> Scanning C:\Users\piyus\cbom_exp\org\bouncycastle\jcajce\provider\asymmetric...
[2025-11-27 14:55:30] [PROGRESS] resolve files> Scanning C:\Users\piyus\cbom_exp\org\bouncycastle\jcajce\provider\asymmetric\compositesignatures...
[2025-11-27 14:55:30] [PROGRESS] resolve files> Scanning C:\Users\piyus\cbom_exp\org\bouncycastle\jcajce\provider\asymmetric\dh...
[2025-11-27 14:55:30] [PROGRESS] resolve files> Scanning C:\Users\piyus\cbom_exp\org\bouncycastle\jcajce\provider\asymmetric\dsa...
[2025-11-27 14:55:30] [PROGRESS] resolve files> Scanning C:\Users\piyus\cbom_exp\org\bouncycastle\jcajce\provider\asymmetric\dstu...
[2025-11-27 14:55:30] [PROGRESS] resolve files> Scanning C:\Users\piyus\cbom_exp\org\bouncycastle\jcajce\provider\asymmetric\ec...
[2025-11-27 14:55:30] [PROGRESS] resolve files> Scanning C:\Users\piyus\cbom_exp\org\bouncycastle\jcajce\provider\asymmetric\ecgost...
[2025-11-27 14:55:30] [PROGRESS] resolve files> Scanning C:\Users\piyus\cbom_exp\org\bouncycastle\jcajce\provider\asymmetric\ecgost12...
[2025-11-27 14:55:30] [PROGRESS] resolve files> Scanning C:\Users\piyus\cbom_exp\org\bouncycastle\jcajce\provider\asymmetric\edec...
[2025-11-27 14:55:30] [PROGRESS] resolve files> Scanning C:\Users\piyus\cbom_exp\org\bouncycastle\jcajce\provider\asymmetric\elgamal...
[2025-11-27 14:55:30] [PROGRESS] resolve files> Scanning C:\Users\piyus\cbom_exp\org\bouncycastle\jcajce\provider\asymmetric\gost...
[2025-11-27 14:55:30] [PROGRESS] resolve files> Scanning C:\Users\piyus\cbom_exp\org\bouncycastle\jcajce\provider\asymmetric\ies...
[2025-11-27 14:55:30] [PROGRESS] resolve files> Scanning C:\Users\piyus\cbom_exp\org\bouncycastle\jcajce\provider\asymmetric\mldsa...
[2025-11-27 14:55:30] [PROGRESS] resolve files> Scanning C:\Users\piyus\cbom_exp\org\bouncycastle\jcajce\provider\asymmetric\mlkem...
[2025-11-27 14:55:30] [PROGRESS] resolve files> Scanning C:\Users\piyus\cbom_exp\org\bouncycastle\jcajce\provider\asymmetric\rsa...
[2025-11-27 14:55:30] [PROGRESS] resolve files> Scanning C:\Users\piyus\cbom_exp\org\bouncycastle\jcajce\provider\asymmetric\slhdsa...
[2025-11-27 14:55:30] [PROGRESS] resolve files> Scanning C:\Users\piyus\cbom_exp\org\bouncycastle\jcajce\provider\asymmetric\util...
[2025-11-27 14:55:30] [PROGRESS] resolve files> Scanning C:\Users\piyus\cbom_exp\org\bouncycastle\jcajce\provider\asymmetric\x509...
[2025-11-27 14:55:30] [PROGRESS] resolve files> Scanning C:\Users\piyus\cbom_exp\org\bouncycastle\jcajce\provider\config...
[2025-11-27 14:55:30] [PROGRESS] resolve files> Scanning C:\Users\piyus\cbom_exp\org\bouncycastle\jcajce\provider\digest...
[2025-11-27 14:55:30] [PROGRESS] resolve files> Scanning C:\Users\piyus\cbom_exp\org\bouncycastle\jcajce\provider\drbg...
[2025-11-27 14:55:30] [PROGRESS] resolve files> Scanning C:\Users\piyus\cbom_exp\org\bouncycastle\jcajce\provider\keystore...
[2025-11-27 14:55:30] [PROGRESS] resolve files> Scanning C:\Users\piyus\cbom_exp\org\bouncycastle\jcajce\provider\keystore\bc...
[2025-11-27 14:55:30] [PROGRESS] resolve files> Scanning C:\Users\piyus\cbom_exp\org\bouncycastle\jcajce\provider\keystore\bcfks...
[2025-11-27 14:55:30] [PROGRESS] resolve files> Scanning C:\Users\piyus\cbom_exp\org\bouncycastle\jcajce\provider\keystore\pkcs12...
[2025-11-27 14:55:30] [PROGRESS] resolve files> Scanning C:\Users\piyus\cbom_exp\org\bouncycastle\jcajce\provider\keystore\util...
[2025-11-27 14:55:30] [PROGRESS] resolve files> Scanning C:\Users\piyus\cbom_exp\org\bouncycastle\jcajce\provider\symmetric...
[2025-11-27 14:55:30] [PROGRESS] resolve files> Scanning C:\Users\piyus\cbom_exp\org\bouncycastle\jcajce\provider\symmetric\util...
[2025-11-27 14:55:30] [PROGRESS] resolve files> Scanning C:\Users\piyus\cbom_exp\org\bouncycastle\jcajce\provider\util...
[2025-11-27 14:55:30] [PROGRESS] resolve files> Scanning C:\Users\piyus\cbom_exp\org\bouncycastle\jcajce\spec...
[2025-11-27 14:55:30] [PROGRESS] resolve files> Scanning C:\Users\piyus\cbom_exp\org\bouncycastle\jcajce\util...
[2025-11-27 14:55:30] [PROGRESS] resolve files> Scanning C:\Users\piyus\cbom_exp\org\bouncycastle\jce...
[2025-11-27 14:55:30] [PROGRESS] resolve files> Scanning C:\Users\piyus\cbom_exp\org\bouncycastle\jce\exception...
[2025-11-27 14:55:30] [PROGRESS] resolve files> Scanning C:\Users\piyus\cbom_exp\org\bouncycastle\jce\interfaces...
[2025-11-27 14:55:30] [PROGRESS] resolve files> Scanning C:\Users\piyus\cbom_exp\org\bouncycastle\jce\netscape...
[2025-11-27 14:55:30] [PROGRESS] resolve files> Scanning C:\Users\piyus\cbom_exp\org\bouncycastle\jce\provider...
[2025-11-27 14:55:30] [PROGRESS] resolve files> Scanning C:\Users\piyus\cbom_exp\org\bouncycastle\jce\spec...
[2025-11-27 14:55:30] [PROGRESS] resolve files> Scanning C:\Users\piyus\cbom_exp\org\bouncycastle\jsse...
[2025-11-27 14:55:30] [PROGRESS] resolve files> Scanning C:\Users\piyus\cbom_exp\org\bouncycastle\jsse\java...
[2025-11-27 14:55:30] [PROGRESS] resolve files> Scanning C:\Users\piyus\cbom_exp\org\bouncycastle\jsse\java\security...
[2025-11-27 14:55:30] [PROGRESS] resolve files> Scanning C:\Users\piyus\cbom_exp\org\bouncycastle\jsse\provider...
[2025-11-27 14:55:30] [PROGRESS] resolve files> Scanning C:\Users\piyus\cbom_exp\org\bouncycastle\jsse\util...
[2025-11-27 14:55:30] [PROGRESS] resolve files> Scanning C:\Users\piyus\cbom_exp\org\bouncycastle\math...
[2025-11-27 14:55:30] [PROGRESS] resolve files> Scanning C:\Users\piyus\cbom_exp\org\bouncycastle\math\ec...
[2025-11-27 14:55:30] [PROGRESS] resolve files> Scanning C:\Users\piyus\cbom_exp\org\bouncycastle\math\ec\custom...
[2025-11-27 14:55:30] [PROGRESS] resolve files> Scanning C:\Users\piyus\cbom_exp\org\bouncycastle\math\ec\custom\djb...
[2025-11-27 14:55:30] [PROGRESS] resolve files> Scanning C:\Users\piyus\cbom_exp\org\bouncycastle\math\ec\custom\gm...
[2025-11-27 14:55:30] [PROGRESS] resolve files> Scanning C:\Users\piyus\cbom_exp\org\bouncycastle\math\ec\custom\sec...
[2025-11-27 14:55:30] [PROGRESS] resolve files> Scanning C:\Users\piyus\cbom_exp\org\bouncycastle\math\ec\endo...
[2025-11-27 14:55:30] [PROGRESS] resolve files> Scanning C:\Users\piyus\cbom_exp\org\bouncycastle\math\ec\rfc7748...
[2025-11-27 14:55:30] [PROGRESS] resolve files> Scanning C:\Users\piyus\cbom_exp\org\bouncycastle\math\ec\rfc8032...
[2025-11-27 14:55:30] [PROGRESS] resolve files> Scanning C:\Users\piyus\cbom_exp\org\bouncycastle\math\ec\tools...
[2025-11-27 14:55:30] [PROGRESS] resolve files> Scanning C:\Users\piyus\cbom_exp\org\bouncycastle\math\field...
[2025-11-27 14:55:30] [PROGRESS] resolve files> Scanning C:\Users\piyus\cbom_exp\org\bouncycastle\math\raw...
[2025-11-27 14:55:30] [PROGRESS] resolve files> Scanning C:\Users\piyus\cbom_exp\org\bouncycastle\oer...
[2025-11-27 14:55:30] [PROGRESS] resolve files> Scanning C:\Users\piyus\cbom_exp\org\bouncycastle\oer\its...
[2025-11-27 14:55:30] [PROGRESS] resolve files> Scanning C:\Users\piyus\cbom_exp\org\bouncycastle\oer\its\etsi102941...
[2025-11-27 14:55:30] [PROGRESS] resolve files> Scanning C:\Users\piyus\cbom_exp\org\bouncycastle\oer\its\etsi102941\basetypes...
[2025-11-27 14:55:30] [PROGRESS] resolve files> Scanning C:\Users\piyus\cbom_exp\org\bouncycastle\oer\its\etsi103097...
[2025-11-27 14:55:30] [PROGRESS] resolve files> Scanning C:\Users\piyus\cbom_exp\org\bouncycastle\oer\its\etsi103097\extension...
[2025-11-27 14:55:30] [PROGRESS] resolve files> Scanning C:\Users\piyus\cbom_exp\org\bouncycastle\oer\its\ieee1609dot2...
[2025-11-27 14:55:30] [PROGRESS] resolve files> Scanning C:\Users\piyus\cbom_exp\org\bouncycastle\oer\its\ieee1609dot2\basetypes...
[2025-11-27 14:55:30] [PROGRESS] resolve files> Scanning C:\Users\piyus\cbom_exp\org\bouncycastle\oer\its\ieee1609dot2dot1...
[2025-11-27 14:55:30] [PROGRESS] resolve files> Scanning C:\Users\piyus\cbom_exp\org\bouncycastle\oer\its\template...
[2025-11-27 14:55:30] [PROGRESS] resolve files> Scanning C:\Users\piyus\cbom_exp\org\bouncycastle\oer\its\template\etsi102941...
[2025-11-27 14:55:30] [PROGRESS] resolve files> Scanning C:\Users\piyus\cbom_exp\org\bouncycastle\oer\its\template\etsi102941\basetypes...
[2025-11-27 14:55:30] [PROGRESS] resolve files> Scanning C:\Users\piyus\cbom_exp\org\bouncycastle\oer\its\template\etsi103097...
[2025-11-27 14:55:30] [PROGRESS] resolve files> Scanning C:\Users\piyus\cbom_exp\org\bouncycastle\oer\its\template\etsi103097\extension...
[2025-11-27 14:55:30] [PROGRESS] resolve files> Scanning C:\Users\piyus\cbom_exp\org\bouncycastle\oer\its\template\ieee1609dot2...
[2025-11-27 14:55:30] [PROGRESS] resolve files> Scanning C:\Users\piyus\cbom_exp\org\bouncycastle\oer\its\template\ieee1609dot2\basetypes...
[2025-11-27 14:55:30] [PROGRESS] resolve files> Scanning C:\Users\piyus\cbom_exp\org\bouncycastle\oer\its\template\ieee1609dot2dot1...
[2025-11-27 14:55:30] [PROGRESS] resolve files> Scanning C:\Users\piyus\cbom_exp\org\bouncycastle\pqc...
[2025-11-27 14:55:30] [PROGRESS] resolve files> Scanning C:\Users\piyus\cbom_exp\org\bouncycastle\pqc\asn1...
[2025-11-27 14:55:30] [PROGRESS] resolve files> Scanning C:\Users\piyus\cbom_exp\org\bouncycastle\pqc\crypto...
[2025-11-27 14:55:30] [PROGRESS] resolve files> Scanning C:\Users\piyus\cbom_exp\org\bouncycastle\pqc\crypto\bike...
[2025-11-27 14:55:30] [PROGRESS] resolve files> Scanning C:\Users\piyus\cbom_exp\org\bouncycastle\pqc\crypto\cmce...
[2025-11-27 14:55:30] [PROGRESS] resolve files> Scanning C:\Users\piyus\cbom_exp\org\bouncycastle\pqc\crypto\crystals...
[2025-11-27 14:55:30] [PROGRESS] resolve files> Scanning C:\Users\piyus\cbom_exp\org\bouncycastle\pqc\crypto\crystals\dilithium...
[2025-11-27 14:55:30] [PROGRESS] resolve files> Scanning C:\Users\piyus\cbom_exp\org\bouncycastle\pqc\crypto\falcon...
[2025-11-27 14:55:30] [PROGRESS] resolve files> Scanning C:\Users\piyus\cbom_exp\org\bouncycastle\pqc\crypto\frodo...
[2025-11-27 14:55:30] [PROGRESS] resolve files> Scanning C:\Users\piyus\cbom_exp\org\bouncycastle\pqc\crypto\hqc...
[2025-11-27 14:55:30] [PROGRESS] resolve files> Scanning C:\Users\piyus\cbom_exp\org\bouncycastle\pqc\crypto\lms...
[2025-11-27 14:55:30] [PROGRESS] resolve files> Scanning C:\Users\piyus\cbom_exp\org\bouncycastle\pqc\crypto\mayo...
[2025-11-27 14:55:30] [PROGRESS] resolve files> Scanning C:\Users\piyus\cbom_exp\org\bouncycastle\pqc\crypto\mldsa...
[2025-11-27 14:55:30] [PROGRESS] resolve files> Scanning C:\Users\piyus\cbom_exp\org\bouncycastle\pqc\crypto\mlkem...
[2025-11-27 14:55:30] [PROGRESS] resolve files> Scanning C:\Users\piyus\cbom_exp\org\bouncycastle\pqc\crypto\newhope...
[2025-11-27 14:55:30] [PROGRESS] resolve files> Scanning C:\Users\piyus\cbom_exp\org\bouncycastle\pqc\crypto\ntru...
[2025-11-27 14:55:30] [PROGRESS] resolve files> Scanning C:\Users\piyus\cbom_exp\org\bouncycastle\pqc\crypto\ntruprime...
[2025-11-27 14:55:30] [PROGRESS] resolve files> Scanning C:\Users\piyus\cbom_exp\org\bouncycastle\pqc\crypto\picnic...
[2025-11-27 14:55:30] [PROGRESS] resolve files> Scanning C:\Users\piyus\cbom_exp\org\bouncycastle\pqc\crypto\rainbow...
[2025-11-27 14:55:30] [PROGRESS] resolve files> Scanning C:\Users\piyus\cbom_exp\org\bouncycastle\pqc\crypto\saber...
[2025-11-27 14:55:30] [PROGRESS] resolve files> Scanning C:\Users\piyus\cbom_exp\org\bouncycastle\pqc\crypto\slhdsa...
[2025-11-27 14:55:30] [PROGRESS] resolve files> Scanning C:\Users\piyus\cbom_exp\org\bouncycastle\pqc\crypto\snova...
[2025-11-27 14:55:30] [PROGRESS] resolve files> Scanning C:\Users\piyus\cbom_exp\org\bouncycastle\pqc\crypto\sphincs...
[2025-11-27 14:55:30] [PROGRESS] resolve files> Scanning C:\Users\piyus\cbom_exp\org\bouncycastle\pqc\crypto\sphincsplus...
[2025-11-27 14:55:30] [PROGRESS] resolve files> Scanning C:\Users\piyus\cbom_exp\org\bouncycastle\pqc\crypto\util...
[2025-11-27 14:55:30] [PROGRESS] resolve files> Scanning C:\Users\piyus\cbom_exp\org\bouncycastle\pqc\crypto\xmss...
[2025-11-27 14:55:30] [PROGRESS] resolve files> Scanning C:\Users\piyus\cbom_exp\org\bouncycastle\pqc\crypto\xwing...
[2025-11-27 14:55:30] [PROGRESS] resolve files> Scanning C:\Users\piyus\cbom_exp\org\bouncycastle\pqc\jcajce...
[2025-11-27 14:55:30] [PROGRESS] resolve files> Scanning C:\Users\piyus\cbom_exp\org\bouncycastle\pqc\jcajce\interfaces...
[2025-11-27 14:55:30] [PROGRESS] resolve files> Scanning C:\Users\piyus\cbom_exp\org\bouncycastle\pqc\jcajce\provider...
[2025-11-27 14:55:30] [PROGRESS] resolve files> Scanning C:\Users\piyus\cbom_exp\org\bouncycastle\pqc\jcajce\provider\bike...
[2025-11-27 14:55:30] [PROGRESS] resolve files> Scanning C:\Users\piyus\cbom_exp\org\bouncycastle\pqc\jcajce\provider\cmce...
[2025-11-27 14:55:30] [PROGRESS] resolve files> Scanning C:\Users\piyus\cbom_exp\org\bouncycastle\pqc\jcajce\provider\dilithium...
[2025-11-27 14:55:30] [PROGRESS] resolve files> Scanning C:\Users\piyus\cbom_exp\org\bouncycastle\pqc\jcajce\provider\falcon...
[2025-11-27 14:55:30] [PROGRESS] resolve files> Scanning C:\Users\piyus\cbom_exp\org\bouncycastle\pqc\jcajce\provider\frodo...
[2025-11-27 14:55:30] [PROGRESS] resolve files> Scanning C:\Users\piyus\cbom_exp\org\bouncycastle\pqc\jcajce\provider\gmss...
[2025-11-27 14:55:30] [PROGRESS] resolve files> Scanning C:\Users\piyus\cbom_exp\org\bouncycastle\pqc\jcajce\provider\hqc...
[2025-11-27 14:55:30] [PROGRESS] resolve files> Scanning C:\Users\piyus\cbom_exp\org\bouncycastle\pqc\jcajce\provider\kyber...
[2025-11-27 14:55:30] [PROGRESS] resolve files> Scanning C:\Users\piyus\cbom_exp\org\bouncycastle\pqc\jcajce\provider\lms...
[2025-11-27 14:55:30] [PROGRESS] resolve files> Scanning C:\Users\piyus\cbom_exp\org\bouncycastle\pqc\jcajce\provider\mayo...
[2025-11-27 14:55:30] [PROGRESS] resolve files> Scanning C:\Users\piyus\cbom_exp\org\bouncycastle\pqc\jcajce\provider\mceliece...
[2025-11-27 14:55:30] [PROGRESS] resolve files> Scanning C:\Users\piyus\cbom_exp\org\bouncycastle\pqc\jcajce\provider\newhope...
[2025-11-27 14:55:30] [PROGRESS] resolve files> Scanning C:\Users\piyus\cbom_exp\org\bouncycastle\pqc\jcajce\provider\ntru...
[2025-11-27 14:55:30] [PROGRESS] resolve files> Scanning C:\Users\piyus\cbom_exp\org\bouncycastle\pqc\jcajce\provider\ntruprime...
[2025-11-27 14:55:30] [PROGRESS] resolve files> Scanning C:\Users\piyus\cbom_exp\org\bouncycastle\pqc\jcajce\provider\picnic...
[2025-11-27 14:55:30] [PROGRESS] resolve files> Scanning C:\Users\piyus\cbom_exp\org\bouncycastle\pqc\jcajce\provider\saber...
[2025-11-27 14:55:30] [PROGRESS] resolve files> Scanning C:\Users\piyus\cbom_exp\org\bouncycastle\pqc\jcajce\provider\snova...
[2025-11-27 14:55:30] [PROGRESS] resolve files> Scanning C:\Users\piyus\cbom_exp\org\bouncycastle\pqc\jcajce\provider\sphincs...
[2025-11-27 14:55:30] [PROGRESS] resolve files> Scanning C:\Users\piyus\cbom_exp\org\bouncycastle\pqc\jcajce\provider\sphincsplus...
[2025-11-27 14:55:30] [PROGRESS] resolve files> Scanning C:\Users\piyus\cbom_exp\org\bouncycastle\pqc\jcajce\provider\util...
[2025-11-27 14:55:30] [PROGRESS] resolve files> Scanning C:\Users\piyus\cbom_exp\org\bouncycastle\pqc\jcajce\provider\xmss...
[2025-11-27 14:55:30] [PROGRESS] resolve files> Scanning C:\Users\piyus\cbom_exp\org\bouncycastle\pqc\jcajce\spec...
[2025-11-27 14:55:30] [PROGRESS] resolve files> Scanning C:\Users\piyus\cbom_exp\org\bouncycastle\pqc\legacy...
[2025-11-27 14:55:30] [PROGRESS] resolve files> Scanning C:\Users\piyus\cbom_exp\org\bouncycastle\pqc\legacy\crypto...
[2025-11-27 14:55:30] [PROGRESS] resolve files> Scanning C:\Users\piyus\cbom_exp\org\bouncycastle\pqc\legacy\crypto\gemss...
[2025-11-27 14:55:30] [PROGRESS] resolve files> Scanning C:\Users\piyus\cbom_exp\org\bouncycastle\pqc\legacy\crypto\gmss...
[2025-11-27 14:55:30] [PROGRESS] resolve files> Scanning C:\Users\piyus\cbom_exp\org\bouncycastle\pqc\legacy\crypto\gmss\util...
[2025-11-27 14:55:30] [PROGRESS] resolve files> Scanning C:\Users\piyus\cbom_exp\org\bouncycastle\pqc\legacy\crypto\mceliece...
[2025-11-27 14:55:30] [PROGRESS] resolve files> Scanning C:\Users\piyus\cbom_exp\org\bouncycastle\pqc\legacy\crypto\ntru...
[2025-11-27 14:55:30] [PROGRESS] resolve files> Scanning C:\Users\piyus\cbom_exp\org\bouncycastle\pqc\legacy\crypto\qtesla...
[2025-11-27 14:55:30] [PROGRESS] resolve files> Scanning C:\Users\piyus\cbom_exp\org\bouncycastle\pqc\legacy\math...
[2025-11-27 14:55:30] [PROGRESS] resolve files> Scanning C:\Users\piyus\cbom_exp\org\bouncycastle\pqc\legacy\math\linearalgebra...
[2025-11-27 14:55:30] [PROGRESS] resolve files> Scanning C:\Users\piyus\cbom_exp\org\bouncycastle\pqc\legacy\math\ntru...
[2025-11-27 14:55:30] [PROGRESS] resolve files> Scanning C:\Users\piyus\cbom_exp\org\bouncycastle\pqc\legacy\math\ntru\euclid...
[2025-11-27 14:55:30] [PROGRESS] resolve files> Scanning C:\Users\piyus\cbom_exp\org\bouncycastle\pqc\legacy\math\ntru\polynomial...
[2025-11-27 14:55:30] [PROGRESS] resolve files> Scanning C:\Users\piyus\cbom_exp\org\bouncycastle\pqc\legacy\math\ntru\util...
[2025-11-27 14:55:30] [PROGRESS] resolve files> Scanning C:\Users\piyus\cbom_exp\org\bouncycastle\pqc\math...
[2025-11-27 14:55:30] [PROGRESS] resolve files> Scanning C:\Users\piyus\cbom_exp\org\bouncycastle\pqc\math\ntru...
[2025-11-27 14:55:30] [PROGRESS] resolve files> Scanning C:\Users\piyus\cbom_exp\org\bouncycastle\pqc\math\ntru\parameters...
[2025-11-27 14:55:30] [PROGRESS] resolve files> Scanning C:\Users\piyus\cbom_exp\org\bouncycastle\tls...
[2025-11-27 14:55:30] [PROGRESS] resolve files> Scanning C:\Users\piyus\cbom_exp\org\bouncycastle\tls\crypto...
[2025-11-27 14:55:30] [PROGRESS] resolve files> Scanning C:\Users\piyus\cbom_exp\org\bouncycastle\tls\crypto\impl...
[2025-11-27 14:55:30] [PROGRESS] resolve files> Scanning C:\Users\piyus\cbom_exp\org\bouncycastle\tls\crypto\impl\bc...
[2025-11-27 14:55:30] [PROGRESS] resolve files> Scanning C:\Users\piyus\cbom_exp\org\bouncycastle\tls\crypto\impl\jcajce...
[2025-11-27 14:55:30] [PROGRESS] resolve files> Scanning C:\Users\piyus\cbom_exp\org\bouncycastle\tls\crypto\impl\jcajce\srp...
[2025-11-27 14:55:30] [PROGRESS] resolve files> Scanning C:\Users\piyus\cbom_exp\org\bouncycastle\util...
[2025-11-27 14:55:30] [PROGRESS] resolve files> Scanning C:\Users\piyus\cbom_exp\org\bouncycastle\util\encoders...
[2025-11-27 14:55:30] [PROGRESS] resolve files> Scanning C:\Users\piyus\cbom_exp\org\bouncycastle\util\io...
[2025-11-27 14:55:30] [PROGRESS] resolve files> Scanning C:\Users\piyus\cbom_exp\org\bouncycastle\util\io\pem...
[2025-11-27 14:55:30] [PROGRESS] resolve files> Scanning C:\Users\piyus\cbom_exp\org\bouncycastle\util\test...
[2025-11-27 14:55:30] [PROGRESS] resolve files> Scanning C:\Users\piyus\cbom_exp\org\bouncycastle\x509...
[2025-11-27 14:55:30] [PROGRESS] resolve files> Scanning C:\Users\piyus\cbom_exp\org\bouncycastle\x509\extension...
[2025-11-27 14:55:30] [PROGRESS] resolve files> Scanning C:\Users\piyus\cbom_exp\org\bouncycastle\x509\util...
[2025-11-27 14:55:30] Plumbing command codeql resolve files completed:
                      [
                        "C:\\Users\\piyus\\cbom_exp\\codeql-custom-queries-python\\codeql-pack.lock.yml",
                        "C:\\Users\\piyus\\cbom_exp\\codeql-custom-queries-python\\codeql-pack.yml",
                        "C:\\Users\\piyus\\cbom_exp\\database\\codeql-database.yml"
                      ]
[2025-11-27 14:55:30] [DETAILS] database index-files> Found 3 files.
[2025-11-27 14:55:30] [PROGRESS] database index-files> C:\Users\piyus\cbom_exp\database: Indexing files in in C:\Users\piyus\cbom_exp...
[2025-11-27 14:55:30] Using index-files script D:\Softwares\codeql\yaml\tools\index-files.cmd.
[2025-11-27 14:55:30] [PROGRESS] database index-files> Running command in C:\Users\piyus\cbom_exp: [D:\Softwares\codeql\yaml\tools\index-files.cmd, C:\Users\piyus\cbom_exp\database\working\files-to-index6741624592078263564.list]
[2025-11-27 14:55:31] Terminating normally.
